┌ Error: JULIA_CUDA_USE_BINARYBUILDER is deprecated. Call `CUDA.jl.set_runtime_version!` to use a local toolkit.
└ @ CUDA /g/data/e14/txs156/.julia/packages/CUDA/LhtzZ/src/initialization.jl:200
┌ Warning: CUDA runtime library `libcublasLt.so.12` was loaded from a system path, `/apps/cuda/12.6.2/lib64/libcublasLt.so.12`.
│ This may cause errors.
│ 
│ If you're running under a profiler, this situation is expected. Otherwise,
│ ensure that your library path environment variable (e.g., `PATH` on Windows
│ or `LD_LIBRARY_PATH` on Linux) does not include CUDA library paths.
│ 
│ In any other case, please file an issue.
└ @ CUDA /g/data/e14/txs156/.julia/packages/CUDA/LhtzZ/src/initialization.jl:218
┌ Warning: CUDA runtime library `libnvJitLink.so.12` was loaded from a system path, `/apps/cuda/12.6.2/lib64/libnvJitLink.so.12`.
│ This may cause errors.
│ 
│ If you're running under a profiler, this situation is expected. Otherwise,
│ ensure that your library path environment variable (e.g., `PATH` on Windows
│ or `LD_LIBRARY_PATH` on Linux) does not include CUDA library paths.
│ 
│ In any other case, please file an issue.
└ @ CUDA /g/data/e14/txs156/.julia/packages/CUDA/LhtzZ/src/initialization.jl:218
┌ Warning: CUDA runtime library `libcusparse.so.12` was loaded from a system path, `/apps/cuda/12.6.2/lib64/libcusparse.so.12`.
│ This may cause errors.
│ 
│ If you're running under a profiler, this situation is expected. Otherwise,
│ ensure that your library path environment variable (e.g., `PATH` on Windows
│ or `LD_LIBRARY_PATH` on Linux) does not include CUDA library paths.
│ 
│ In any other case, please file an issue.
└ @ CUDA /g/data/e14/txs156/.julia/packages/CUDA/LhtzZ/src/initialization.jl:218
┌ Error: JULIA_CUDA_USE_BINARYBUILDER is deprecated. Call `CUDA.jl.set_runtime_version!` to use a local toolkit.
└ @ CUDA /g/data/e14/txs156/.julia/packages/CUDA/LhtzZ/src/initialization.jl:200
┌ Warning: CUDA runtime library `libcublasLt.so.12` was loaded from a system path, `/apps/cuda/12.6.2/lib64/libcublasLt.so.12`.
│ This may cause errors.
│ 
│ If you're running under a profiler, this situation is expected. Otherwise,
│ ensure that your library path environment variable (e.g., `PATH` on Windows
│ or `LD_LIBRARY_PATH` on Linux) does not include CUDA library paths.
│ 
│ In any other case, please file an issue.
└ @ CUDA /g/data/e14/txs156/.julia/packages/CUDA/LhtzZ/src/initialization.jl:218
┌ Warning: CUDA runtime library `libnvJitLink.so.12` was loaded from a system path, `/apps/cuda/12.6.2/lib64/libnvJitLink.so.12`.
│ This may cause errors.
│ 
│ If you're running under a profiler, this situation is expected. Otherwise,
│ ensure that your library path environment variable (e.g., `PATH` on Windows
│ or `LD_LIBRARY_PATH` on Linux) does not include CUDA library paths.
│ 
│ In any other case, please file an issue.
└ @ CUDA /g/data/e14/txs156/.julia/packages/CUDA/LhtzZ/src/initialization.jl:218
┌ Warning: CUDA runtime library `libcusparse.so.12` was loaded from a system path, `/apps/cuda/12.6.2/lib64/libcusparse.so.12`.
│ This may cause errors.
│ 
│ If you're running under a profiler, this situation is expected. Otherwise,
│ ensure that your library path environment variable (e.g., `PATH` on Windows
│ or `LD_LIBRARY_PATH` on Linux) does not include CUDA library paths.
│ 
│ In any other case, please file an issue.
└ @ CUDA /g/data/e14/txs156/.julia/packages/CUDA/LhtzZ/src/initialization.jl:218
[LOG_CAT_BASESMUMA] Failed to create rcache for KNEM device
[LOG_CAT_BASESMUMA] Failed to create rcache for KNEM device
┌ Info: Using architecture: Distributed{GPU{CUDABackend}} across 2 = 1×2×1 ranks:
│ ├── local_rank: 0 of 0-1
│ ├── local_index: [1, 1, 1]
└ └── connectivity: north=1 south=1
[ Info: Downloading/checking input data
┌ Info: Using architecture: Distributed{GPU{CUDABackend}} across 2 = 1×2×1 ranks:
│ ├── local_rank: 1 of 0-1
│ ├── local_index: [1, 2, 1]
└ └── connectivity: north=0 south=0
[ Info: Downloading/checking input data
[ Info: We download the 1990-1991 data for an RYF implementation
[ Info: We download the 1990-1991 data for an RYF implementation
[ Info: Defining grid
[ Info: Defining grid
[ Info: Defining vertical z faces
[ Info: Defining vertical z faces
[ Info: Defining tripolar grid
[ Info: Defining tripolar grid
[ Info: Defining bottom bathymetry
[ Info: Defining bottom bathymetry
[ Info: Interpolation passes of bathymetry size (21600, 10800, 1) onto a TripolarGrid target grid of size (1440, 720, 100):
[ Info:     pass 1 to size (21332, 10666, 1)
[ Info:     pass 2 to size (21064, 10532, 1)
[ Info:     pass 3 to size (20796, 10398, 1)
[ Info:     pass 4 to size (20528, 10264, 1)
[ Info:     pass 5 to size (20260, 10130, 1)
[ Info:     pass 6 to size (19992, 9996, 1)
[ Info:     pass 7 to size (19724, 9862, 1)
[ Info:     pass 8 to size (19456, 9728, 1)
[ Info:     pass 9 to size (19188, 9594, 1)
[ Info:     pass 10 to size (18920, 9460, 1)
[ Info:     pass 11 to size (18652, 9326, 1)
[ Info:     pass 12 to size (18384, 9192, 1)
[ Info:     pass 13 to size (18116, 9058, 1)
[ Info:     pass 14 to size (17848, 8924, 1)
[ Info:     pass 15 to size (17580, 8790, 1)
[ Info:     pass 16 to size (17312, 8656, 1)
[ Info:     pass 17 to size (17044, 8522, 1)
[ Info:     pass 18 to size (16776, 8388, 1)
[ Info:     pass 19 to size (16508, 8254, 1)
[ Info:     pass 20 to size (16240, 8120, 1)
[ Info:     pass 21 to size (15972, 7986, 1)
[ Info:     pass 22 to size (15704, 7852, 1)
[ Info:     pass 23 to size (15436, 7718, 1)
[ Info:     pass 24 to size (15168, 7584, 1)
[ Info:     pass 25 to size (14900, 7450, 1)
[ Info:     pass 26 to size (14632, 7316, 1)
[ Info:     pass 27 to size (14364, 7182, 1)
[ Info:     pass 28 to size (14096, 7048, 1)
[ Info:     pass 29 to size (13828, 6914, 1)
[ Info:     pass 30 to size (13560, 6780, 1)
[ Info:     pass 31 to size (13292, 6646, 1)
[ Info:     pass 32 to size (13024, 6512, 1)
[ Info:     pass 33 to size (12756, 6378, 1)
[ Info:     pass 34 to size (12488, 6244, 1)
[ Info:     pass 35 to size (12220, 6110, 1)
[ Info:     pass 36 to size (11952, 5976, 1)
[ Info:     pass 37 to size (11684, 5842, 1)
[ Info:     pass 38 to size (11416, 5708, 1)
[ Info:     pass 39 to size (11148, 5574, 1)
[ Info:     pass 40 to size (10880, 5440, 1)
[ Info:     pass 41 to size (10612, 5306, 1)
[ Info:     pass 42 to size (10344, 5172, 1)
[ Info:     pass 43 to size (10076, 5038, 1)
[ Info:     pass 44 to size (9808, 4904, 1)
[ Info:     pass 45 to size (9540, 4770, 1)
[ Info:     pass 46 to size (9272, 4636, 1)
[ Info:     pass 47 to size (9004, 4502, 1)
[ Info:     pass 48 to size (8736, 4368, 1)
[ Info:     pass 49 to size (8468, 4234, 1)
[ Info:     pass 50 to size (8200, 4100, 1)
[ Info:     pass 51 to size (7932, 3966, 1)
[ Info:     pass 52 to size (7664, 3832, 1)
[ Info:     pass 53 to size (7396, 3698, 1)
[ Info:     pass 54 to size (7128, 3564, 1)
[ Info:     pass 55 to size (6860, 3430, 1)
[ Info:     pass 56 to size (6592, 3296, 1)
[ Info:     pass 57 to size (6324, 3162, 1)
[ Info:     pass 58 to size (6056, 3028, 1)
[ Info:     pass 59 to size (5788, 2894, 1)
[ Info:     pass 60 to size (5520, 2760, 1)
[ Info:     pass 61 to size (5252, 2626, 1)
[ Info:     pass 62 to size (4984, 2492, 1)
[ Info:     pass 63 to size (4716, 2358, 1)
[ Info:     pass 64 to size (4448, 2224, 1)
[ Info:     pass 65 to size (4180, 2090, 1)
[ Info:     pass 66 to size (3912, 1956, 1)
[ Info:     pass 67 to size (3644, 1822, 1)
[ Info:     pass 68 to size (3376, 1688, 1)
[ Info:     pass 69 to size (3108, 1554, 1)
[ Info:     pass 70 to size (2840, 1420, 1)
[ Info:     pass 71 to size (2572, 1286, 1)
[ Info:     pass 72 to size (2304, 1152, 1)
[ Info:     pass 73 to size (2036, 1018, 1)
[ Info:     pass 74 to size (1768, 884, 1)
[ Info:     pass 75 to size (1440, 720, 1)
[ Info: Defining grid
[ Info: Defining grid
[ Info: Defining restoring rate
[ Info: Defining restoring rate
[ Info: Defining closures
[ Info: Defining closures
[ Info: Defining free surface
[ Info: Defining free surface
[ Info: Defining ocean simulation
[ Info: Defining ocean simulation
[ Info: Initialising with EN4
[ Info: Initialising with EN4
[ Info: Defining Atmospheric state
[ Info: Defining Atmospheric state
[ Info: Defining coupled model
[ Info: Defining coupled model
[ Info: Defining messenger
[ Info: Defining messenger
[ Info: Defining surface outputs
[ Info: Defining surface outputs
[ Info: Defining condition masks
[ Info: Defining condition masks
[ Info: Merging tracer tuples
[ Info: Merging tracer tuples
[ Info: Velocities
[ Info: Velocities
[ Info: Merging velocity tuples
[ Info: Defining output writers
[ Info: Merging velocity tuples
[ Info: Defining output writers
[ Info: Running simulation
[ Info: Running simulation
[ Info: Initializing simulation...
[ Info: Initializing simulation...
[ Info: time: 0 seconds, iteration: 0, Δt: 30 seconds, max|u|: (0.00e+00, 0.00e+00, 0.00e+00) m s⁻¹, extrema(T): (30.40, -1.88) ᵒC, extrema(S): (37.30, 24.68) g/kg, extrema(e): (0.00, 0.00) J, wall time: 1.672 hours 
[ Info:     ... simulation initialization complete (18.046 minutes)
[ Info: Executing initial time step...
[ Info: time: 0 seconds, iteration: 0, Δt: 30 seconds, max|u|: (0.00e+00, 0.00e+00, 0.00e+00) m s⁻¹, extrema(T): (31.25, -1.86) ᵒC, extrema(S): (40.43, 11.46) g/kg, extrema(e): (0.00, 0.00) J, wall time: 1.682 hours 
[ Info:     ... simulation initialization complete (18.751 minutes)
[ Info: Executing initial time step...
[ Info:     ... initial time step complete (5.511 minutes).
[ Info:     ... initial time step complete (6.212 minutes).
[ Info: time: 10 minutes, iteration: 20, Δt: 30 seconds, max|u|: (1.07e-01, 7.10e-02, 2.50e-03) m s⁻¹, extrema(T): (31.24, -1.86) ᵒC, extrema(S): (40.43, 11.46) g/kg, extrema(e): (51.00, -17.33) J, wall time: 6.149 minutes 
[ Info: time: 10 minutes, iteration: 20, Δt: 30 seconds, max|u|: (8.72e-02, 5.03e-02, 2.90e-04) m s⁻¹, extrema(T): (30.39, -1.88) ᵒC, extrema(S): (37.30, 24.68) g/kg, extrema(e): (0.16, -0.00) J, wall time: 6.756 minutes 
[ Info: time: 20 minutes, iteration: 40, Δt: 30 seconds, max|u|: (1.77e-01, 1.41e-01, 4.93e-03) m s⁻¹, extrema(T): (31.24, -1.86) ᵒC, extrema(S): (40.43, 11.46) g/kg, extrema(e): (53.19, -823.30) J, wall time: 27.445 seconds 
[ Info: time: 20 minutes, iteration: 40, Δt: 30 seconds, max|u|: (1.59e-01, 9.12e-02, 5.90e-04) m s⁻¹, extrema(T): (30.40, -1.88) ᵒC, extrema(S): (37.30, 24.68) g/kg, extrema(e): (0.40, -1.89) J, wall time: 27.385 seconds 
[ Info: time: 30 minutes, iteration: 60, Δt: 30 seconds, max|u|: (2.24e-01, 2.16e-01, 7.32e-03) m s⁻¹, extrema(T): (31.23, -1.86) ᵒC, extrema(S): (40.43, 11.46) g/kg, extrema(e): (144.89, -94.19) J, wall time: 27.345 seconds 
[ Info: time: 30 minutes, iteration: 60, Δt: 30 seconds, max|u|: (2.30e-01, 1.23e-01, 9.15e-04) m s⁻¹, extrema(T): (30.40, -1.88) ᵒC, extrema(S): (37.30, 24.68) g/kg, extrema(e): (1.13, -26.68) J, wall time: 27.422 seconds 
[ Info: time: 40 minutes, iteration: 80, Δt: 30 seconds, max|u|: (2.72e-01, 2.92e-01, 9.66e-03) m s⁻¹, extrema(T): (31.23, -1.86) ᵒC, extrema(S): (40.43, 11.46) g/kg, extrema(e): (289.54, -283.77) J, wall time: 27.536 seconds 
[ Info: time: 40 minutes, iteration: 80, Δt: 30 seconds, max|u|: (2.90e-01, 1.91e-01, 1.25e-03) m s⁻¹, extrema(T): (30.41, -1.88) ᵒC, extrema(S): (37.30, 24.68) g/kg, extrema(e): (6.83, -54.97) J, wall time: 27.440 seconds 
[ Info: time: 50 minutes, iteration: 100, Δt: 30 seconds, max|u|: (4.03e-01, 4.28e-01, 1.20e-02) m s⁻¹, extrema(T): (31.22, -1.86) ᵒC, extrema(S): (40.43, 11.46) g/kg, extrema(e): (53.93, -200.48) J, wall time: 27.303 seconds 
[ Info: time: 50 minutes, iteration: 100, Δt: 30 seconds, max|u|: (3.36e-01, 2.73e-01, 1.50e-03) m s⁻¹, extrema(T): (30.41, -1.88) ᵒC, extrema(S): (37.30, 24.68) g/kg, extrema(e): (13.72, -41.18) J, wall time: 27.391 seconds 
[ Info: time: 1 hour, iteration: 120, Δt: 30 seconds, max|u|: (4.40e-01, 5.55e-01, 1.42e-02) m s⁻¹, extrema(T): (31.21, -1.86) ᵒC, extrema(S): (40.43, 11.47) g/kg, extrema(e): (563.03, -377.45) J, wall time: 27.422 seconds 
[ Info: time: 1 hour, iteration: 120, Δt: 30 seconds, max|u|: (3.69e-01, 3.54e-01, 1.63e-03) m s⁻¹, extrema(T): (30.42, -1.88) ᵒC, extrema(S): (37.30, 24.68) g/kg, extrema(e): (10.58, -74.77) J, wall time: 27.373 seconds 
[ Info: time: 1.167 hours, iteration: 140, Δt: 30 seconds, max|u|: (4.36e-01, 5.82e-01, 1.63e-02) m s⁻¹, extrema(T): (31.21, -1.86) ᵒC, extrema(S): (40.43, 11.47) g/kg, extrema(e): (157.18, -636.16) J, wall time: 27.409 seconds 
[ Info: time: 1.167 hours, iteration: 140, Δt: 30 seconds, max|u|: (4.63e-01, 4.21e-01, 1.90e-03) m s⁻¹, extrema(T): (30.42, -1.88) ᵒC, extrema(S): (37.30, 24.68) g/kg, extrema(e): (322.58, -148.62) J, wall time: 27.349 seconds 
[ Info: time: 1.333 hours, iteration: 160, Δt: 30 seconds, max|u|: (5.10e-01, 7.35e-01, 1.84e-02) m s⁻¹, extrema(T): (31.21, -1.86) ᵒC, extrema(S): (40.43, 11.47) g/kg, extrema(e): (50.16, -867.13) J, wall time: 27.218 seconds 
[ Info: time: 1.333 hours, iteration: 160, Δt: 30 seconds, max|u|: (5.27e-01, 4.65e-01, 2.22e-03) m s⁻¹, extrema(T): (30.43, -1.88) ᵒC, extrema(S): (37.30, 24.68) g/kg, extrema(e): (5.43, -2114.04) J, wall time: 27.319 seconds 
[ Info: time: 1.500 hours, iteration: 180, Δt: 30 seconds, max|u|: (5.67e-01, 7.34e-01, 2.03e-02) m s⁻¹, extrema(T): (31.21, -1.86) ᵒC, extrema(S): (40.43, 11.47) g/kg, extrema(e): (95.83, -6224.23) J, wall time: 27.377 seconds 
[ Info: time: 1.500 hours, iteration: 180, Δt: 30 seconds, max|u|: (5.38e-01, 4.90e-01, 2.51e-03) m s⁻¹, extrema(T): (30.44, -1.88) ᵒC, extrema(S): (37.30, 24.68) g/kg, extrema(e): (12.24, -37.55) J, wall time: 27.332 seconds 
[ Info: time: 1.667 hours, iteration: 200, Δt: 30 seconds, max|u|: (6.30e-01, 6.65e-01, 2.22e-02) m s⁻¹, extrema(T): (31.21, -1.86) ᵒC, extrema(S): (40.43, 11.47) g/kg, extrema(e): (37.50, -245.56) J, wall time: 27.354 seconds 
[ Info: time: 1.667 hours, iteration: 200, Δt: 30 seconds, max|u|: (5.79e-01, 4.97e-01, 2.71e-03) m s⁻¹, extrema(T): (30.44, -1.88) ᵒC, extrema(S): (37.30, 24.68) g/kg, extrema(e): (2.40, -591.68) J, wall time: 27.241 seconds 
[ Info: time: 1.833 hours, iteration: 220, Δt: 30 seconds, max|u|: (6.25e-01, 7.42e-01, 2.39e-02) m s⁻¹, extrema(T): (31.21, -1.86) ᵒC, extrema(S): (40.43, 11.47) g/kg, extrema(e): (1293.92, -1375.70) J, wall time: 27.191 seconds 
[ Info: time: 1.833 hours, iteration: 220, Δt: 30 seconds, max|u|: (7.57e-01, 4.93e-01, 2.90e-03) m s⁻¹, extrema(T): (30.45, -1.88) ᵒC, extrema(S): (37.30, 24.68) g/kg, extrema(e): (1.67, -0.71) J, wall time: 27.291 seconds 
[ Info: time: 2 hours, iteration: 240, Δt: 30 seconds, max|u|: (9.07e-01, 8.83e-01, 2.55e-02) m s⁻¹, extrema(T): (31.21, -1.86) ᵒC, extrema(S): (40.43, 11.47) g/kg, extrema(e): (49.19, -72.06) J, wall time: 27.289 seconds 
[ Info: time: 2 hours, iteration: 240, Δt: 30 seconds, max|u|: (8.31e-01, 4.93e-01, 3.12e-03) m s⁻¹, extrema(T): (30.45, -1.88) ᵒC, extrema(S): (37.30, 24.68) g/kg, extrema(e): (13.55, -1824.07) J, wall time: 27.261 seconds 
[ Info: time: 2.167 hours, iteration: 260, Δt: 30 seconds, max|u|: (1.09e+00, 1.13e+00, 2.70e-02) m s⁻¹, extrema(T): (31.21, -1.86) ᵒC, extrema(S): (40.43, 11.47) g/kg, extrema(e): (95.49, -4707.81) J, wall time: 27.153 seconds 
[ Info: time: 2.167 hours, iteration: 260, Δt: 30 seconds, max|u|: (7.94e-01, 5.09e-01, 3.37e-03) m s⁻¹, extrema(T): (30.46, -1.88) ᵒC, extrema(S): (37.30, 24.68) g/kg, extrema(e): (3.97, -18.91) J, wall time: 27.125 seconds 
[ Info: time: 2.333 hours, iteration: 280, Δt: 30 seconds, max|u|: (9.96e-01, 1.29e+00, 2.84e-02) m s⁻¹, extrema(T): (31.21, -1.86) ᵒC, extrema(S): (40.43, 11.47) g/kg, extrema(e): (151.33, -844.31) J, wall time: 27.139 seconds 
[ Info: time: 2.333 hours, iteration: 280, Δt: 30 seconds, max|u|: (7.53e-01, 6.71e-01, 3.62e-03) m s⁻¹, extrema(T): (30.47, -1.88) ᵒC, extrema(S): (37.30, 24.68) g/kg, extrema(e): (20.18, -5.65) J, wall time: 27.228 seconds 
[ Info: time: 2.500 hours, iteration: 300, Δt: 30 seconds, max|u|: (1.02e+00, 1.37e+00, 2.96e-02) m s⁻¹, extrema(T): (31.21, -1.86) ᵒC, extrema(S): (40.43, 11.47) g/kg, extrema(e): (33.36, -462.11) J, wall time: 27.208 seconds 
[ Info: time: 2.500 hours, iteration: 300, Δt: 30 seconds, max|u|: (8.57e-01, 8.03e-01, 3.88e-03) m s⁻¹, extrema(T): (30.47, -1.88) ᵒC, extrema(S): (37.30, 24.68) g/kg, extrema(e): (53.95, -62.61) J, wall time: 27.267 seconds 
[ Info: time: 2.667 hours, iteration: 320, Δt: 30 seconds, max|u|: (1.05e+00, 1.46e+00, 3.07e-02) m s⁻¹, extrema(T): (31.20, -1.86) ᵒC, extrema(S): (40.43, 11.47) g/kg, extrema(e): (27.26, -26.99) J, wall time: 27.233 seconds 
[ Info: time: 2.667 hours, iteration: 320, Δt: 30 seconds, max|u|: (9.20e-01, 8.55e-01, 4.15e-03) m s⁻¹, extrema(T): (30.48, -1.88) ᵒC, extrema(S): (37.30, 24.68) g/kg, extrema(e): (1.93, -0.83) J, wall time: 27.228 seconds 
[ Info: time: 2.833 hours, iteration: 340, Δt: 30 seconds, max|u|: (1.02e+00, 1.56e+00, 3.17e-02) m s⁻¹, extrema(T): (31.20, -1.86) ᵒC, extrema(S): (40.43, 11.47) g/kg, extrema(e): (84.27, -342.29) J, wall time: 27.335 seconds 
[ Info: time: 2.833 hours, iteration: 340, Δt: 30 seconds, max|u|: (9.20e-01, 7.92e-01, 4.33e-03) m s⁻¹, extrema(T): (30.49, -1.88) ᵒC, extrema(S): (37.30, 24.68) g/kg, extrema(e): (2.88, -492.42) J, wall time: 27.175 seconds 
[ Info: time: 3 hours, iteration: 360, Δt: 30 seconds, max|u|: (1.17e+00, 1.55e+00, 3.25e-02) m s⁻¹, extrema(T): (31.20, -1.86) ᵒC, extrema(S): (40.43, 11.47) g/kg, extrema(e): (96.05, -116.09) J, wall time: 27.196 seconds 
[ Info: time: 3 hours, iteration: 360, Δt: 30 seconds, max|u|: (1.12e+00, 9.00e-01, 4.57e-03) m s⁻¹, extrema(T): (30.49, -1.88) ᵒC, extrema(S): (37.30, 24.68) g/kg, extrema(e): (7.16, -4.89) J, wall time: 27.200 seconds 
[ Info: time: 3.167 hours, iteration: 380, Δt: 30 seconds, max|u|: (1.35e+00, 1.59e+00, 3.32e-02) m s⁻¹, extrema(T): (31.19, -1.86) ᵒC, extrema(S): (40.43, 11.47) g/kg, extrema(e): (499.83, -5661.16) J, wall time: 27.198 seconds 
[ Info: time: 3.167 hours, iteration: 380, Δt: 30 seconds, max|u|: (1.26e+00, 1.02e+00, 4.81e-03) m s⁻¹, extrema(T): (30.50, -1.88) ᵒC, extrema(S): (37.30, 24.68) g/kg, extrema(e): (1.96, -0.03) J, wall time: 27.163 seconds 
[ Info: time: 3.333 hours, iteration: 400, Δt: 30 seconds, max|u|: (1.59e+00, 1.75e+00, 3.38e-02) m s⁻¹, extrema(T): (31.18, -1.86) ᵒC, extrema(S): (40.43, 11.47) g/kg, extrema(e): (13.74, -67.89) J, wall time: 27.150 seconds 
[ Info: time: 3.333 hours, iteration: 400, Δt: 30 seconds, max|u|: (1.24e+00, 9.86e-01, 5.04e-03) m s⁻¹, extrema(T): (30.51, -1.88) ᵒC, extrema(S): (37.30, 24.68) g/kg, extrema(e): (84.11, -46.19) J, wall time: 27.244 seconds 
[ Info: time: 3.500 hours, iteration: 420, Δt: 30 seconds, max|u|: (1.75e+00, 1.94e+00, 3.43e-02) m s⁻¹, extrema(T): (31.17, -1.86) ᵒC, extrema(S): (40.43, 11.47) g/kg, extrema(e): (18.01, -269.44) J, wall time: 27.210 seconds 
[ Info: time: 3.500 hours, iteration: 420, Δt: 30 seconds, max|u|: (1.01e+00, 1.06e+00, 5.26e-03) m s⁻¹, extrema(T): (30.51, -1.88) ᵒC, extrema(S): (37.30, 24.68) g/kg, extrema(e): (10.97, -45.03) J, wall time: 27.212 seconds 
[ Info: time: 3.667 hours, iteration: 440, Δt: 30 seconds, max|u|: (1.81e+00, 1.87e+00, 3.46e-02) m s⁻¹, extrema(T): (31.16, -1.86) ᵒC, extrema(S): (40.43, 11.47) g/kg, extrema(e): (54.68, -251.13) J, wall time: 27.227 seconds 
[ Info: time: 3.667 hours, iteration: 440, Δt: 30 seconds, max|u|: (9.93e-01, 1.20e+00, 5.46e-03) m s⁻¹, extrema(T): (30.52, -1.88) ᵒC, extrema(S): (37.30, 24.68) g/kg, extrema(e): (9.08, -1110.73) J, wall time: 27.259 seconds 
[ Info: time: 3.833 hours, iteration: 460, Δt: 30 seconds, max|u|: (1.78e+00, 1.57e+00, 3.49e-02) m s⁻¹, extrema(T): (31.16, -1.86) ᵒC, extrema(S): (40.43, 11.47) g/kg, extrema(e): (60.52, -135.49) J, wall time: 27.207 seconds 
[ Info: time: 3.833 hours, iteration: 460, Δt: 30 seconds, max|u|: (1.04e+00, 1.45e+00, 5.66e-03) m s⁻¹, extrema(T): (30.53, -1.88) ᵒC, extrema(S): (37.30, 24.68) g/kg, extrema(e): (156.88, -949.32) J, wall time: 27.257 seconds 
[ Info: time: 4 hours, iteration: 480, Δt: 30 seconds, max|u|: (1.68e+00, 1.41e+00, 3.51e-02) m s⁻¹, extrema(T): (31.16, -1.86) ᵒC, extrema(S): (40.43, 11.47) g/kg, extrema(e): (41.58, -238.60) J, wall time: 27.328 seconds 
[ Info: time: 4 hours, iteration: 480, Δt: 30 seconds, max|u|: (1.16e+00, 1.53e+00, 5.83e-03) m s⁻¹, extrema(T): (30.53, -1.88) ᵒC, extrema(S): (37.30, 24.68) g/kg, extrema(e): (10.22, -0.31) J, wall time: 27.256 seconds 
[ Info: time: 4.167 hours, iteration: 500, Δt: 30 seconds, max|u|: (1.68e+00, 1.56e+00, 3.53e-02) m s⁻¹, extrema(T): (31.15, -1.86) ᵒC, extrema(S): (40.43, 11.47) g/kg, extrema(e): (8.30, -74.44) J, wall time: 27.222 seconds 
[ Info: time: 4.167 hours, iteration: 500, Δt: 30 seconds, max|u|: (1.45e+00, 1.42e+00, 6.03e-03) m s⁻¹, extrema(T): (30.54, -1.88) ᵒC, extrema(S): (37.30, 24.68) g/kg, extrema(e): (8.21, -3.36) J, wall time: 27.313 seconds 
[ Info: time: 4.333 hours, iteration: 520, Δt: 30 seconds, max|u|: (1.79e+00, 1.69e+00, 3.61e-02) m s⁻¹, extrema(T): (31.15, -1.86) ᵒC, extrema(S): (40.43, 11.47) g/kg, extrema(e): (280.50, -61.31) J, wall time: 27.384 seconds 
[ Info: time: 4.333 hours, iteration: 520, Δt: 30 seconds, max|u|: (1.75e+00, 1.20e+00, 6.23e-03) m s⁻¹, extrema(T): (30.55, -1.88) ᵒC, extrema(S): (37.30, 24.68) g/kg, extrema(e): (6.72, -0.35) J, wall time: 27.241 seconds 
[ Info: time: 4.500 hours, iteration: 540, Δt: 30 seconds, max|u|: (1.88e+00, 1.78e+00, 3.67e-02) m s⁻¹, extrema(T): (31.15, -1.86) ᵒC, extrema(S): (40.43, 11.47) g/kg, extrema(e): (74.59, -361.40) J, wall time: 27.178 seconds 
[ Info: time: 4.500 hours, iteration: 540, Δt: 30 seconds, max|u|: (1.71e+00, 1.20e+00, 6.45e-03) m s⁻¹, extrema(T): (30.55, -1.88) ᵒC, extrema(S): (37.30, 24.68) g/kg, extrema(e): (2.25, -124.87) J, wall time: 27.284 seconds 
[ Info: time: 4.667 hours, iteration: 560, Δt: 30 seconds, max|u|: (1.95e+00, 1.81e+00, 3.75e-02) m s⁻¹, extrema(T): (31.14, -1.86) ᵒC, extrema(S): (40.43, 11.47) g/kg, extrema(e): (120.40, -138.08) J, wall time: 27.374 seconds 
[ Info: time: 4.667 hours, iteration: 560, Δt: 30 seconds, max|u|: (1.29e+00, 1.21e+00, 6.68e-03) m s⁻¹, extrema(T): (30.56, -1.88) ᵒC, extrema(S): (37.30, 24.68) g/kg, extrema(e): (67.29, -214.96) J, wall time: 27.309 seconds 
[ Info: time: 4.833 hours, iteration: 580, Δt: 30 seconds, max|u|: (2.00e+00, 1.79e+00, 3.82e-02) m s⁻¹, extrema(T): (31.14, -1.86) ᵒC, extrema(S): (40.43, 11.47) g/kg, extrema(e): (16.07, -2526.33) J, wall time: 27.236 seconds 
[ Info: time: 4.833 hours, iteration: 580, Δt: 30 seconds, max|u|: (1.19e+00, 1.38e+00, 6.85e-03) m s⁻¹, extrema(T): (30.56, -1.88) ᵒC, extrema(S): (37.30, 24.68) g/kg, extrema(e): (134.08, -5.87) J, wall time: 27.331 seconds 
[ Info: time: 5 hours, iteration: 600, Δt: 30 seconds, max|u|: (2.04e+00, 1.72e+00, 3.91e-02) m s⁻¹, extrema(T): (31.14, -1.86) ᵒC, extrema(S): (40.43, 11.47) g/kg, extrema(e): (40.96, -153.50) J, wall time: 27.335 seconds 
[ Info: time: 5 hours, iteration: 600, Δt: 30 seconds, max|u|: (1.46e+00, 1.51e+00, 7.03e-03) m s⁻¹, extrema(T): (30.57, -1.88) ᵒC, extrema(S): (37.30, 24.68) g/kg, extrema(e): (2.32, -0.11) J, wall time: 27.269 seconds 
[ Info: time: 5.167 hours, iteration: 620, Δt: 30 seconds, max|u|: (2.09e+00, 1.77e+00, 4.00e-02) m s⁻¹, extrema(T): (31.13, -1.86) ᵒC, extrema(S): (40.43, 11.47) g/kg, extrema(e): (290.93, -85.91) J, wall time: 27.407 seconds 
[ Info: time: 5.167 hours, iteration: 620, Δt: 30 seconds, max|u|: (1.66e+00, 1.59e+00, 7.19e-03) m s⁻¹, extrema(T): (30.57, -1.88) ᵒC, extrema(S): (37.30, 24.68) g/kg, extrema(e): (10.72, -1.18) J, wall time: 27.312 seconds 
[ Info: time: 5.333 hours, iteration: 640, Δt: 30 seconds, max|u|: (2.15e+00, 1.82e+00, 4.09e-02) m s⁻¹, extrema(T): (31.13, -1.86) ᵒC, extrema(S): (40.43, 11.47) g/kg, extrema(e): (36.47, -912.88) J, wall time: 27.177 seconds 
[ Info: time: 5.333 hours, iteration: 640, Δt: 30 seconds, max|u|: (1.78e+00, 1.58e+00, 7.34e-03) m s⁻¹, extrema(T): (30.58, -1.88) ᵒC, extrema(S): (37.30, 24.68) g/kg, extrema(e): (9.10, -102.48) J, wall time: 27.334 seconds 
[ Info: time: 5.500 hours, iteration: 660, Δt: 30 seconds, max|u|: (2.23e+00, 1.86e+00, 4.17e-02) m s⁻¹, extrema(T): (31.13, -1.86) ᵒC, extrema(S): (40.43, 11.47) g/kg, extrema(e): (17.51, -107.71) J, wall time: 27.364 seconds 
[ Info: time: 5.500 hours, iteration: 660, Δt: 30 seconds, max|u|: (1.81e+00, 1.48e+00, 7.50e-03) m s⁻¹, extrema(T): (30.58, -1.88) ᵒC, extrema(S): (37.30, 24.68) g/kg, extrema(e): (7.38, -12.49) J, wall time: 27.378 seconds 
[ Info: time: 5.667 hours, iteration: 680, Δt: 30 seconds, max|u|: (2.31e+00, 1.90e+00, 4.25e-02) m s⁻¹, extrema(T): (31.12, -1.86) ᵒC, extrema(S): (40.43, 11.47) g/kg, extrema(e): (636.36, -82.77) J, wall time: 27.389 seconds 
[ Info: time: 5.667 hours, iteration: 680, Δt: 30 seconds, max|u|: (1.75e+00, 1.50e+00, 7.67e-03) m s⁻¹, extrema(T): (30.59, -1.88) ᵒC, extrema(S): (37.30, 24.68) g/kg, extrema(e): (12.01, -0.52) J, wall time: 27.374 seconds 
[ Info: time: 5.833 hours, iteration: 700, Δt: 30 seconds, max|u|: (2.39e+00, 1.94e+00, 4.33e-02) m s⁻¹, extrema(T): (31.12, -1.86) ᵒC, extrema(S): (40.43, 11.47) g/kg, extrema(e): (4.18, -324.25) J, wall time: 27.418 seconds 
[ Info: time: 5.833 hours, iteration: 700, Δt: 30 seconds, max|u|: (1.74e+00, 1.83e+00, 7.85e-03) m s⁻¹, extrema(T): (30.59, -1.88) ᵒC, extrema(S): (37.30, 24.68) g/kg, extrema(e): (3.53, -81.66) J, wall time: 27.407 seconds 
[ Info: time: 6 hours, iteration: 720, Δt: 30 seconds, max|u|: (2.45e+00, 1.98e+00, 4.41e-02) m s⁻¹, extrema(T): (31.12, -1.86) ᵒC, extrema(S): (40.43, 11.47) g/kg, extrema(e): (38.03, -79.07) J, wall time: 27.508 seconds 
[ Info: time: 6 hours, iteration: 720, Δt: 30 seconds, max|u|: (2.08e+00, 2.02e+00, 8.03e-03) m s⁻¹, extrema(T): (30.60, -1.88) ᵒC, extrema(S): (37.30, 24.68) g/kg, extrema(e): (2.20, -161.21) J, wall time: 27.349 seconds 
[ Info: time: 6.167 hours, iteration: 740, Δt: 30 seconds, max|u|: (2.52e+00, 2.01e+00, 4.48e-02) m s⁻¹, extrema(T): (31.11, -1.86) ᵒC, extrema(S): (40.43, 11.47) g/kg, extrema(e): (22.25, -760.00) J, wall time: 27.249 seconds 
[ Info: time: 6.167 hours, iteration: 740, Δt: 30 seconds, max|u|: (2.25e+00, 2.11e+00, 8.20e-03) m s⁻¹, extrema(T): (30.60, -1.88) ᵒC, extrema(S): (37.30, 24.68) g/kg, extrema(e): (1.40, -187.61) J, wall time: 27.315 seconds 
[ Info: time: 6.333 hours, iteration: 760, Δt: 30 seconds, max|u|: (2.60e+00, 2.04e+00, 4.55e-02) m s⁻¹, extrema(T): (31.11, -1.86) ᵒC, extrema(S): (40.43, 11.47) g/kg, extrema(e): (5.31, -1177.12) J, wall time: 27.365 seconds 
[ Info: time: 6.333 hours, iteration: 760, Δt: 30 seconds, max|u|: (2.46e+00, 2.21e+00, 8.35e-03) m s⁻¹, extrema(T): (30.61, -1.88) ᵒC, extrema(S): (37.30, 24.68) g/kg, extrema(e): (34.44, -1.83) J, wall time: 27.294 seconds 
[ Info: time: 6.500 hours, iteration: 780, Δt: 30 seconds, max|u|: (2.69e+00, 2.07e+00, 4.62e-02) m s⁻¹, extrema(T): (31.11, -1.86) ᵒC, extrema(S): (40.43, 11.47) g/kg, extrema(e): (18.35, -109.35) J, wall time: 27.285 seconds 
[ Info: time: 6.500 hours, iteration: 780, Δt: 30 seconds, max|u|: (2.45e+00, 2.27e+00, 8.52e-03) m s⁻¹, extrema(T): (30.61, -1.88) ᵒC, extrema(S): (37.30, 24.68) g/kg, extrema(e): (0.70, -3.32) J, wall time: 27.382 seconds 
[ Info: time: 6.667 hours, iteration: 800, Δt: 30 seconds, max|u|: (2.79e+00, 2.10e+00, 4.68e-02) m s⁻¹, extrema(T): (31.10, -1.86) ᵒC, extrema(S): (40.43, 11.47) g/kg, extrema(e): (69.56, -233.39) J, wall time: 27.380 seconds 
[ Info: time: 6.667 hours, iteration: 800, Δt: 30 seconds, max|u|: (2.19e+00, 2.31e+00, 8.69e-03) m s⁻¹, extrema(T): (30.61, -1.88) ᵒC, extrema(S): (37.30, 24.68) g/kg, extrema(e): (0.45, -0.00) J, wall time: 27.382 seconds 
[ Info: time: 6.833 hours, iteration: 820, Δt: 30 seconds, max|u|: (2.88e+00, 2.13e+00, 4.75e-02) m s⁻¹, extrema(T): (31.10, -1.86) ᵒC, extrema(S): (40.43, 11.47) g/kg, extrema(e): (16.89, -62.86) J, wall time: 27.369 seconds 
[ Info: time: 6.833 hours, iteration: 820, Δt: 30 seconds, max|u|: (2.11e+00, 2.27e+00, 8.84e-03) m s⁻¹, extrema(T): (30.62, -1.88) ᵒC, extrema(S): (37.30, 24.68) g/kg, extrema(e): (4.78, -25.89) J, wall time: 27.370 seconds 
[ Info: time: 7 hours, iteration: 840, Δt: 30 seconds, max|u|: (2.95e+00, 2.15e+00, 4.87e-02) m s⁻¹, extrema(T): (31.10, -1.86) ᵒC, extrema(S): (40.43, 11.47) g/kg, extrema(e): (26.02, -162.32) J, wall time: 27.328 seconds 
[ Info: time: 7 hours, iteration: 840, Δt: 30 seconds, max|u|: (2.21e+00, 2.13e+00, 9.02e-03) m s⁻¹, extrema(T): (30.62, -1.88) ᵒC, extrema(S): (37.30, 24.68) g/kg, extrema(e): (4.18, -0.01) J, wall time: 27.326 seconds 
[ Info: time: 7.167 hours, iteration: 860, Δt: 30 seconds, max|u|: (3.03e+00, 2.17e+00, 5.06e-02) m s⁻¹, extrema(T): (31.09, -1.86) ᵒC, extrema(S): (40.43, 11.47) g/kg, extrema(e): (199.40, -225.03) J, wall time: 27.386 seconds 
[ Info: time: 7.167 hours, iteration: 860, Δt: 30 seconds, max|u|: (2.18e+00, 2.17e+00, 9.20e-03) m s⁻¹, extrema(T): (30.62, -1.88) ᵒC, extrema(S): (37.30, 24.68) g/kg, extrema(e): (0.45, -6.47) J, wall time: 27.346 seconds 
[ Info: time: 7.333 hours, iteration: 880, Δt: 30 seconds, max|u|: (3.12e+00, 2.20e+00, 5.26e-02) m s⁻¹, extrema(T): (31.09, -1.86) ᵒC, extrema(S): (40.43, 11.47) g/kg, extrema(e): (4.90, -35.46) J, wall time: 27.356 seconds 
[ Info: time: 7.333 hours, iteration: 880, Δt: 30 seconds, max|u|: (1.97e+00, 2.04e+00, 9.33e-03) m s⁻¹, extrema(T): (30.62, -1.88) ᵒC, extrema(S): (37.30, 24.68) g/kg, extrema(e): (0.46, -0.00) J, wall time: 27.426 seconds 
[ Info: time: 7.500 hours, iteration: 900, Δt: 30 seconds, max|u|: (3.20e+00, 2.24e+00, 5.45e-02) m s⁻¹, extrema(T): (31.09, -1.86) ᵒC, extrema(S): (40.43, 11.47) g/kg, extrema(e): (30.50, -49.40) J, wall time: 27.358 seconds 
[ Info: time: 7.500 hours, iteration: 900, Δt: 30 seconds, max|u|: (1.54e+00, 1.74e+00, 9.47e-03) m s⁻¹, extrema(T): (30.62, -1.88) ᵒC, extrema(S): (37.30, 24.68) g/kg, extrema(e): (5.15, -0.00) J, wall time: 27.310 seconds 
[ Info: time: 7.667 hours, iteration: 920, Δt: 30 seconds, max|u|: (3.27e+00, 2.26e+00, 5.65e-02) m s⁻¹, extrema(T): (31.08, -1.86) ᵒC, extrema(S): (40.43, 11.47) g/kg, extrema(e): (2.24, -54.97) J, wall time: 27.414 seconds 
[ Info: time: 7.667 hours, iteration: 920, Δt: 30 seconds, max|u|: (1.59e+00, 1.54e+00, 9.62e-03) m s⁻¹, extrema(T): (30.62, -1.88) ᵒC, extrema(S): (37.30, 24.68) g/kg, extrema(e): (164.50, -12.43) J, wall time: 27.438 seconds 
[ Info: time: 7.833 hours, iteration: 940, Δt: 30 seconds, max|u|: (3.32e+00, 2.28e+00, 5.85e-02) m s⁻¹, extrema(T): (31.08, -1.86) ᵒC, extrema(S): (40.43, 11.47) g/kg, extrema(e): (4.46, -282.85) J, wall time: 27.472 seconds 
[ Info: time: 7.833 hours, iteration: 940, Δt: 30 seconds, max|u|: (1.72e+00, 1.49e+00, 9.75e-03) m s⁻¹, extrema(T): (30.63, -1.88) ᵒC, extrema(S): (37.30, 24.68) g/kg, extrema(e): (2.25, -25.77) J, wall time: 27.366 seconds 
[ Info: time: 8 hours, iteration: 960, Δt: 30 seconds, max|u|: (3.37e+00, 2.30e+00, 6.05e-02) m s⁻¹, extrema(T): (31.08, -1.86) ᵒC, extrema(S): (40.43, 11.47) g/kg, extrema(e): (88.38, -19.52) J, wall time: 27.346 seconds 
[ Info: time: 8 hours, iteration: 960, Δt: 30 seconds, max|u|: (1.66e+00, 1.55e+00, 9.87e-03) m s⁻¹, extrema(T): (30.63, -1.88) ᵒC, extrema(S): (37.30, 24.68) g/kg, extrema(e): (0.22, -629.41) J, wall time: 27.415 seconds 
[ Info: time: 8.167 hours, iteration: 980, Δt: 30 seconds, max|u|: (3.40e+00, 2.32e+00, 6.26e-02) m s⁻¹, extrema(T): (31.08, -1.86) ᵒC, extrema(S): (40.43, 11.47) g/kg, extrema(e): (107.09, -48.16) J, wall time: 27.382 seconds 
[ Info: time: 8.167 hours, iteration: 980, Δt: 30 seconds, max|u|: (1.69e+00, 1.57e+00, 9.96e-03) m s⁻¹, extrema(T): (30.62, -1.88) ᵒC, extrema(S): (37.30, 24.68) g/kg, extrema(e): (1.84, -0.50) J, wall time: 27.472 seconds 
[ Info: time: 8.333 hours, iteration: 1000, Δt: 30 seconds, max|u|: (3.43e+00, 2.33e+00, 6.46e-02) m s⁻¹, extrema(T): (31.07, -1.86) ᵒC, extrema(S): (40.43, 11.47) g/kg, extrema(e): (24.23, -110.58) J, wall time: 27.500 seconds 
[ Info: time: 8.333 hours, iteration: 1000, Δt: 30 seconds, max|u|: (1.84e+00, 1.63e+00, 1.01e-02) m s⁻¹, extrema(T): (30.62, -1.88) ᵒC, extrema(S): (37.30, 24.68) g/kg, extrema(e): (0.26, -284.97) J, wall time: 27.430 seconds 
[ Info: time: 8.500 hours, iteration: 1020, Δt: 30 seconds, max|u|: (3.47e+00, 2.34e+00, 6.66e-02) m s⁻¹, extrema(T): (31.07, -1.86) ᵒC, extrema(S): (40.43, 11.47) g/kg, extrema(e): (30.45, -303.63) J, wall time: 27.449 seconds 
[ Info: time: 8.500 hours, iteration: 1020, Δt: 30 seconds, max|u|: (1.91e+00, 1.96e+00, 1.02e-02) m s⁻¹, extrema(T): (30.62, -1.88) ᵒC, extrema(S): (37.30, 24.68) g/kg, extrema(e): (1.16, -2.71) J, wall time: 27.365 seconds 
[ Info: time: 8.667 hours, iteration: 1040, Δt: 30 seconds, max|u|: (3.52e+00, 2.34e+00, 6.86e-02) m s⁻¹, extrema(T): (31.07, -1.86) ᵒC, extrema(S): (40.43, 11.47) g/kg, extrema(e): (50.11, -30.53) J, wall time: 27.246 seconds 
[ Info: time: 8.667 hours, iteration: 1040, Δt: 30 seconds, max|u|: (1.90e+00, 2.17e+00, 1.03e-02) m s⁻¹, extrema(T): (30.62, -1.88) ᵒC, extrema(S): (37.30, 24.68) g/kg, extrema(e): (0.62, -117.01) J, wall time: 27.336 seconds 
[ Info: time: 8.833 hours, iteration: 1060, Δt: 30 seconds, max|u|: (3.59e+00, 2.35e+00, 7.06e-02) m s⁻¹, extrema(T): (31.06, -1.86) ᵒC, extrema(S): (40.43, 11.47) g/kg, extrema(e): (26.50, -240.08) J, wall time: 27.423 seconds 
[ Info: time: 8.833 hours, iteration: 1060, Δt: 30 seconds, max|u|: (2.03e+00, 2.25e+00, 1.05e-02) m s⁻¹, extrema(T): (30.62, -1.88) ᵒC, extrema(S): (37.30, 24.68) g/kg, extrema(e): (9.68, -3.28) J, wall time: 27.455 seconds 
[ Info: time: 9 hours, iteration: 1080, Δt: 30 seconds, max|u|: (3.67e+00, 2.36e+00, 7.26e-02) m s⁻¹, extrema(T): (31.06, -1.86) ᵒC, extrema(S): (40.43, 11.47) g/kg, extrema(e): (87.13, -78.21) J, wall time: 27.515 seconds 
[ Info: time: 9 hours, iteration: 1080, Δt: 30 seconds, max|u|: (2.04e+00, 2.23e+00, 1.06e-02) m s⁻¹, extrema(T): (30.61, -1.88) ᵒC, extrema(S): (37.30, 24.68) g/kg, extrema(e): (2.11, -0.13) J, wall time: 27.470 seconds 
[ Info: time: 9.167 hours, iteration: 1100, Δt: 30 seconds, max|u|: (3.75e+00, 2.36e+00, 7.45e-02) m s⁻¹, extrema(T): (31.06, -1.86) ᵒC, extrema(S): (40.43, 11.47) g/kg, extrema(e): (216.27, -204.73) J, wall time: 27.495 seconds 
[ Info: time: 9.167 hours, iteration: 1100, Δt: 30 seconds, max|u|: (1.77e+00, 2.07e+00, 1.07e-02) m s⁻¹, extrema(T): (30.61, -1.88) ᵒC, extrema(S): (37.30, 24.68) g/kg, extrema(e): (0.79, -0.00) J, wall time: 27.446 seconds 
[ Info: time: 9.333 hours, iteration: 1120, Δt: 30 seconds, max|u|: (3.81e+00, 2.36e+00, 7.64e-02) m s⁻¹, extrema(T): (31.06, -1.86) ᵒC, extrema(S): (40.43, 11.47) g/kg, extrema(e): (22.29, -98.86) J, wall time: 27.505 seconds 
[ Info: time: 9.333 hours, iteration: 1120, Δt: 30 seconds, max|u|: (1.83e+00, 2.05e+00, 1.09e-02) m s⁻¹, extrema(T): (30.61, -1.88) ᵒC, extrema(S): (37.30, 24.68) g/kg, extrema(e): (0.32, -0.00) J, wall time: 27.554 seconds 
[ Info: time: 9.500 hours, iteration: 1140, Δt: 30 seconds, max|u|: (3.88e+00, 2.35e+00, 7.82e-02) m s⁻¹, extrema(T): (31.05, -1.86) ᵒC, extrema(S): (40.43, 11.47) g/kg, extrema(e): (20.71, -27.96) J, wall time: 27.436 seconds 
[ Info: time: 9.500 hours, iteration: 1140, Δt: 30 seconds, max|u|: (2.08e+00, 2.03e+00, 1.10e-02) m s⁻¹, extrema(T): (30.61, -1.88) ᵒC, extrema(S): (37.30, 24.68) g/kg, extrema(e): (0.12, -3.75) J, wall time: 27.509 seconds 
[ Info: time: 9.667 hours, iteration: 1160, Δt: 30 seconds, max|u|: (3.95e+00, 2.35e+00, 7.99e-02) m s⁻¹, extrema(T): (31.05, -1.86) ᵒC, extrema(S): (40.43, 11.47) g/kg, extrema(e): (3.86, -73.38) J, wall time: 27.580 seconds 
[ Info: time: 9.667 hours, iteration: 1160, Δt: 30 seconds, max|u|: (2.29e+00, 1.84e+00, 1.11e-02) m s⁻¹, extrema(T): (30.60, -1.88) ᵒC, extrema(S): (37.30, 24.68) g/kg, extrema(e): (0.29, -0.00) J, wall time: 27.566 seconds 
[ Info: time: 9.833 hours, iteration: 1180, Δt: 30 seconds, max|u|: (4.01e+00, 2.34e+00, 8.16e-02) m s⁻¹, extrema(T): (31.05, -1.86) ᵒC, extrema(S): (40.43, 11.47) g/kg, extrema(e): (2.52, -2465.45) J, wall time: 27.531 seconds 
[ Info: time: 9.833 hours, iteration: 1180, Δt: 30 seconds, max|u|: (2.45e+00, 1.88e+00, 1.12e-02) m s⁻¹, extrema(T): (30.60, -1.88) ᵒC, extrema(S): (37.30, 24.68) g/kg, extrema(e): (0.39, -0.00) J, wall time: 27.537 seconds 
[ Info: time: 10 hours, iteration: 1200, Δt: 30 seconds, max|u|: (4.05e+00, 2.33e+00, 8.32e-02) m s⁻¹, extrema(T): (31.05, -1.86) ᵒC, extrema(S): (40.43, 11.47) g/kg, extrema(e): (17.33, -2316.61) J, wall time: 27.596 seconds 
[ Info: time: 10 hours, iteration: 1200, Δt: 30 seconds, max|u|: (2.58e+00, 1.99e+00, 1.12e-02) m s⁻¹, extrema(T): (30.60, -1.88) ᵒC, extrema(S): (37.30, 24.68) g/kg, extrema(e): (20.77, -0.43) J, wall time: 27.540 seconds 
[ Info: time: 10.167 hours, iteration: 1220, Δt: 30 seconds, max|u|: (4.07e+00, 2.33e+00, 8.47e-02) m s⁻¹, extrema(T): (31.04, -1.86) ᵒC, extrema(S): (40.43, 11.47) g/kg, extrema(e): (31.05, -3.49) J, wall time: 27.522 seconds 
[ Info: time: 10.167 hours, iteration: 1220, Δt: 30 seconds, max|u|: (2.67e+00, 2.04e+00, 1.13e-02) m s⁻¹, extrema(T): (30.59, -1.88) ᵒC, extrema(S): (37.30, 24.68) g/kg, extrema(e): (5.12, -0.12) J, wall time: 27.528 seconds 
[ Info: time: 10.333 hours, iteration: 1240, Δt: 30 seconds, max|u|: (4.05e+00, 2.33e+00, 8.61e-02) m s⁻¹, extrema(T): (31.04, -1.86) ᵒC, extrema(S): (40.43, 11.47) g/kg, extrema(e): (344.17, -74.88) J, wall time: 27.445 seconds 
[ Info: time: 10.333 hours, iteration: 1240, Δt: 30 seconds, max|u|: (2.73e+00, 2.04e+00, 1.14e-02) m s⁻¹, extrema(T): (30.59, -1.88) ᵒC, extrema(S): (37.30, 24.68) g/kg, extrema(e): (3.56, -0.73) J, wall time: 27.530 seconds 
[ Info: time: 10.500 hours, iteration: 1260, Δt: 30 seconds, max|u|: (4.02e+00, 2.43e+00, 8.73e-02) m s⁻¹, extrema(T): (31.04, -1.86) ᵒC, extrema(S): (40.43, 11.47) g/kg, extrema(e): (3.72, -362.96) J, wall time: 27.525 seconds 
[ Info: time: 10.500 hours, iteration: 1260, Δt: 30 seconds, max|u|: (2.76e+00, 2.07e+00, 1.15e-02) m s⁻¹, extrema(T): (30.59, -1.88) ᵒC, extrema(S): (37.30, 24.68) g/kg, extrema(e): (140.95, -0.05) J, wall time: 27.540 seconds 
[ Info: time: 10.667 hours, iteration: 1280, Δt: 30 seconds, max|u|: (4.02e+00, 2.54e+00, 8.85e-02) m s⁻¹, extrema(T): (31.04, -1.86) ᵒC, extrema(S): (40.43, 11.47) g/kg, extrema(e): (11.81, -228.20) J, wall time: 27.570 seconds 
[ Info: time: 10.667 hours, iteration: 1280, Δt: 30 seconds, max|u|: (2.76e+00, 1.96e+00, 1.16e-02) m s⁻¹, extrema(T): (30.58, -1.88) ᵒC, extrema(S): (37.30, 24.68) g/kg, extrema(e): (2.01, -1.58) J, wall time: 27.491 seconds 
[ Info: time: 10.833 hours, iteration: 1300, Δt: 30 seconds, max|u|: (4.06e+00, 2.56e+00, 8.95e-02) m s⁻¹, extrema(T): (31.03, -1.86) ᵒC, extrema(S): (40.43, 11.47) g/kg, extrema(e): (26.21, -104.60) J, wall time: 27.503 seconds 
[ Info: time: 10.833 hours, iteration: 1300, Δt: 30 seconds, max|u|: (2.79e+00, 1.99e+00, 1.17e-02) m s⁻¹, extrema(T): (30.60, -1.88) ᵒC, extrema(S): (37.30, 24.68) g/kg, extrema(e): (1.62, -0.00) J, wall time: 27.546 seconds 
[ Info: time: 11 hours, iteration: 1320, Δt: 30 seconds, max|u|: (4.15e+00, 2.51e+00, 9.04e-02) m s⁻¹, extrema(T): (31.03, -1.86) ᵒC, extrema(S): (40.43, 11.47) g/kg, extrema(e): (638.37, -11.69) J, wall time: 27.636 seconds 
[ Info: time: 11 hours, iteration: 1320, Δt: 30 seconds, max|u|: (2.84e+00, 2.32e+00, 1.18e-02) m s⁻¹, extrema(T): (30.62, -1.88) ᵒC, extrema(S): (37.30, 24.68) g/kg, extrema(e): (2.59, -0.00) J, wall time: 27.551 seconds 
[ Info: time: 11.167 hours, iteration: 1340, Δt: 30 seconds, max|u|: (4.24e+00, 2.42e+00, 9.10e-02) m s⁻¹, extrema(T): (31.03, -1.86) ᵒC, extrema(S): (40.43, 11.47) g/kg, extrema(e): (28.64, -9.13) J, wall time: 27.383 seconds 
[ Info: time: 11.167 hours, iteration: 1340, Δt: 30 seconds, max|u|: (2.82e+00, 2.46e+00, 1.18e-02) m s⁻¹, extrema(T): (30.64, -1.88) ᵒC, extrema(S): (37.30, 24.68) g/kg, extrema(e): (1.12, -0.00) J, wall time: 27.503 seconds 
[ Info: time: 11.333 hours, iteration: 1360, Δt: 30 seconds, max|u|: (4.31e+00, 2.31e+00, 9.16e-02) m s⁻¹, extrema(T): (31.03, -1.86) ᵒC, extrema(S): (40.43, 11.47) g/kg, extrema(e): (342.65, -457.94) J, wall time: 27.637 seconds 
[ Info: time: 11.333 hours, iteration: 1360, Δt: 30 seconds, max|u|: (2.74e+00, 2.41e+00, 1.19e-02) m s⁻¹, extrema(T): (30.65, -1.88) ᵒC, extrema(S): (37.30, 24.68) g/kg, extrema(e): (0.70, -1.55) J, wall time: 27.570 seconds 
[ Info: time: 11.500 hours, iteration: 1380, Δt: 30 seconds, max|u|: (4.31e+00, 2.31e+00, 9.19e-02) m s⁻¹, extrema(T): (31.02, -1.86) ᵒC, extrema(S): (40.43, 11.47) g/kg, extrema(e): (212.00, -257.73) J, wall time: 27.493 seconds 
[ Info: time: 11.500 hours, iteration: 1380, Δt: 30 seconds, max|u|: (2.59e+00, 2.24e+00, 1.20e-02) m s⁻¹, extrema(T): (30.67, -1.88) ᵒC, extrema(S): (37.30, 24.68) g/kg, extrema(e): (2.94, -0.00) J, wall time: 27.463 seconds 
[ Info: time: 11.667 hours, iteration: 1400, Δt: 30 seconds, max|u|: (4.26e+00, 2.30e+00, 9.20e-02) m s⁻¹, extrema(T): (31.02, -1.86) ᵒC, extrema(S): (40.43, 11.47) g/kg, extrema(e): (17.60, -52.88) J, wall time: 27.526 seconds 
[ Info: time: 11.667 hours, iteration: 1400, Δt: 30 seconds, max|u|: (2.38e+00, 1.97e+00, 1.21e-02) m s⁻¹, extrema(T): (30.69, -1.88) ᵒC, extrema(S): (37.30, 24.68) g/kg, extrema(e): (0.22, -54.04) J, wall time: 27.568 seconds 
[ Info: time: 11.833 hours, iteration: 1420, Δt: 30 seconds, max|u|: (4.18e+00, 2.30e+00, 9.20e-02) m s⁻¹, extrema(T): (31.02, -1.86) ᵒC, extrema(S): (40.43, 11.47) g/kg, extrema(e): (76.10, -14.04) J, wall time: 27.562 seconds 
[ Info: time: 11.833 hours, iteration: 1420, Δt: 30 seconds, max|u|: (2.12e+00, 2.16e+00, 1.22e-02) m s⁻¹, extrema(T): (30.70, -1.88) ᵒC, extrema(S): (37.30, 24.68) g/kg, extrema(e): (0.25, -0.02) J, wall time: 27.566 seconds 
[ Info: time: 12 hours, iteration: 1440, Δt: 30 seconds, max|u|: (4.09e+00, 2.30e+00, 9.19e-02) m s⁻¹, extrema(T): (31.02, -1.86) ᵒC, extrema(S): (40.43, 11.47) g/kg, extrema(e): (1.29, -227.00) J, wall time: 27.535 seconds 
[ Info: time: 12 hours, iteration: 1440, Δt: 30 seconds, max|u|: (1.94e+00, 2.39e+00, 1.23e-02) m s⁻¹, extrema(T): (30.71, -1.88) ᵒC, extrema(S): (37.30, 24.68) g/kg, extrema(e): (0.28, -0.00) J, wall time: 27.548 seconds 
[ Info: time: 12.167 hours, iteration: 1460, Δt: 30 seconds, max|u|: (4.03e+00, 2.30e+00, 9.15e-02) m s⁻¹, extrema(T): (31.01, -1.86) ᵒC, extrema(S): (40.43, 11.47) g/kg, extrema(e): (1.52, -6.57) J, wall time: 27.591 seconds 
[ Info: time: 12.167 hours, iteration: 1460, Δt: 30 seconds, max|u|: (1.90e+00, 2.57e+00, 1.23e-02) m s⁻¹, extrema(T): (30.72, -1.88) ᵒC, extrema(S): (37.30, 24.68) g/kg, extrema(e): (0.33, -0.00) J, wall time: 27.466 seconds 
[ Info: time: 12.333 hours, iteration: 1480, Δt: 30 seconds, max|u|: (3.99e+00, 2.31e+00, 9.08e-02) m s⁻¹, extrema(T): (31.01, -1.86) ᵒC, extrema(S): (40.43, 11.47) g/kg, extrema(e): (4.69, -39.61) J, wall time: 27.456 seconds 
[ Info: time: 12.333 hours, iteration: 1480, Δt: 30 seconds, max|u|: (1.64e+00, 2.70e+00, 1.23e-02) m s⁻¹, extrema(T): (30.72, -1.88) ᵒC, extrema(S): (37.30, 24.68) g/kg, extrema(e): (0.39, -2.92) J, wall time: 27.559 seconds 
[ Info: time: 12.500 hours, iteration: 1500, Δt: 30 seconds, max|u|: (3.97e+00, 2.31e+00, 9.01e-02) m s⁻¹, extrema(T): (31.01, -1.86) ᵒC, extrema(S): (40.43, 11.47) g/kg, extrema(e): (2.17, -33.66) J, wall time: 27.530 seconds 
[ Info: time: 12.500 hours, iteration: 1500, Δt: 30 seconds, max|u|: (1.48e+00, 2.78e+00, 1.23e-02) m s⁻¹, extrema(T): (30.72, -1.88) ᵒC, extrema(S): (37.30, 24.68) g/kg, extrema(e): (1.22, -0.00) J, wall time: 27.566 seconds 
[ Info: time: 12.667 hours, iteration: 1520, Δt: 30 seconds, max|u|: (3.96e+00, 2.31e+00, 8.92e-02) m s⁻¹, extrema(T): (31.01, -1.86) ᵒC, extrema(S): (40.43, 11.47) g/kg, extrema(e): (10.30, -39.94) J, wall time: 27.574 seconds 
[ Info: time: 12.667 hours, iteration: 1520, Δt: 30 seconds, max|u|: (1.38e+00, 2.79e+00, 1.23e-02) m s⁻¹, extrema(T): (30.72, -1.88) ᵒC, extrema(S): (37.30, 24.68) g/kg, extrema(e): (25.34, -0.00) J, wall time: 27.570 seconds 
[ Info: time: 12.833 hours, iteration: 1540, Δt: 30 seconds, max|u|: (3.93e+00, 2.31e+00, 8.80e-02) m s⁻¹, extrema(T): (31.01, -1.86) ᵒC, extrema(S): (40.43, 11.47) g/kg, extrema(e): (4.85, -44.25) J, wall time: 27.516 seconds 
[ Info: time: 12.833 hours, iteration: 1540, Δt: 30 seconds, max|u|: (1.41e+00, 2.75e+00, 1.23e-02) m s⁻¹, extrema(T): (30.71, -1.88) ᵒC, extrema(S): (37.30, 24.68) g/kg, extrema(e): (2.76, -30.72) J, wall time: 27.480 seconds 
[ Info: time: 13 hours, iteration: 1560, Δt: 30 seconds, max|u|: (3.88e+00, 2.34e+00, 8.68e-02) m s⁻¹, extrema(T): (31.01, -1.86) ᵒC, extrema(S): (40.43, 11.47) g/kg, extrema(e): (4.24, -0.70) J, wall time: 27.552 seconds 
[ Info: time: 13 hours, iteration: 1560, Δt: 30 seconds, max|u|: (1.62e+00, 2.65e+00, 1.23e-02) m s⁻¹, extrema(T): (30.70, -1.88) ᵒC, extrema(S): (37.30, 24.68) g/kg, extrema(e): (42.41, -0.01) J, wall time: 27.507 seconds 
[ Info: time: 13.167 hours, iteration: 1580, Δt: 30 seconds, max|u|: (3.83e+00, 2.37e+00, 8.54e-02) m s⁻¹, extrema(T): (31.00, -1.86) ᵒC, extrema(S): (40.43, 11.47) g/kg, extrema(e): (19.70, -17.24) J, wall time: 27.563 seconds 
[ Info: time: 13.167 hours, iteration: 1580, Δt: 30 seconds, max|u|: (1.69e+00, 2.49e+00, 1.22e-02) m s⁻¹, extrema(T): (30.67, -1.88) ᵒC, extrema(S): (37.30, 24.68) g/kg, extrema(e): (0.26, -7.59) J, wall time: 27.573 seconds 
[ Info: time: 13.333 hours, iteration: 1600, Δt: 30 seconds, max|u|: (3.78e+00, 2.40e+00, 8.39e-02) m s⁻¹, extrema(T): (31.00, -1.86) ᵒC, extrema(S): (40.43, 11.47) g/kg, extrema(e): (61.90, -31.80) J, wall time: 27.510 seconds 
[ Info: time: 13.333 hours, iteration: 1600, Δt: 30 seconds, max|u|: (1.84e+00, 2.42e+00, 1.22e-02) m s⁻¹, extrema(T): (30.64, -1.88) ᵒC, extrema(S): (37.30, 24.68) g/kg, extrema(e): (1.50, -0.00) J, wall time: 27.618 seconds 
[ Info: time: 13.500 hours, iteration: 1620, Δt: 30 seconds, max|u|: (3.73e+00, 2.43e+00, 8.23e-02) m s⁻¹, extrema(T): (31.00, -1.86) ᵒC, extrema(S): (40.43, 11.47) g/kg, extrema(e): (9.13, -72.35) J, wall time: 27.720 seconds 
[ Info: time: 13.500 hours, iteration: 1620, Δt: 30 seconds, max|u|: (2.20e+00, 2.45e+00, 1.22e-02) m s⁻¹, extrema(T): (30.60, -1.88) ᵒC, extrema(S): (37.30, 24.68) g/kg, extrema(e): (0.32, -0.48) J, wall time: 27.602 seconds 
[ Info: time: 13.667 hours, iteration: 1640, Δt: 30 seconds, max|u|: (3.70e+00, 2.46e+00, 8.06e-02) m s⁻¹, extrema(T): (31.00, -1.86) ᵒC, extrema(S): (40.43, 11.47) g/kg, extrema(e): (8.29, -4064.81) J, wall time: 27.504 seconds 
[ Info: time: 13.667 hours, iteration: 1640, Δt: 30 seconds, max|u|: (2.49e+00, 2.34e+00, 1.23e-02) m s⁻¹, extrema(T): (30.56, -1.88) ᵒC, extrema(S): (37.30, 24.68) g/kg, extrema(e): (1.95, -0.00) J, wall time: 27.570 seconds 
[ Info: time: 13.833 hours, iteration: 1660, Δt: 30 seconds, max|u|: (3.68e+00, 2.48e+00, 7.88e-02) m s⁻¹, extrema(T): (31.00, -1.86) ᵒC, extrema(S): (40.43, 11.47) g/kg, extrema(e): (98.87, -27.87) J, wall time: 27.541 seconds 
[ Info: time: 13.833 hours, iteration: 1660, Δt: 30 seconds, max|u|: (2.70e+00, 2.14e+00, 1.23e-02) m s⁻¹, extrema(T): (30.51, -1.88) ᵒC, extrema(S): (37.30, 24.68) g/kg, extrema(e): (0.34, -2.68) J, wall time: 27.510 seconds 
[ Info: time: 14 hours, iteration: 1680, Δt: 30 seconds, max|u|: (3.66e+00, 2.50e+00, 7.70e-02) m s⁻¹, extrema(T): (31.00, -1.86) ᵒC, extrema(S): (40.43, 11.47) g/kg, extrema(e): (6.88, -128.19) J, wall time: 27.587 seconds 
[ Info: time: 14 hours, iteration: 1680, Δt: 30 seconds, max|u|: (2.84e+00, 2.01e+00, 1.23e-02) m s⁻¹, extrema(T): (30.50, -1.88) ᵒC, extrema(S): (37.30, 24.68) g/kg, extrema(e): (0.28, -22.46) J, wall time: 27.601 seconds 
[ Info: time: 14.167 hours, iteration: 1700, Δt: 30 seconds, max|u|: (3.62e+00, 2.52e+00, 7.51e-02) m s⁻¹, extrema(T): (31.00, -1.86) ᵒC, extrema(S): (40.43, 11.47) g/kg, extrema(e): (0.64, -70.20) J, wall time: 27.645 seconds 
[ Info: time: 14.167 hours, iteration: 1700, Δt: 30 seconds, max|u|: (2.92e+00, 1.82e+00, 1.24e-02) m s⁻¹, extrema(T): (30.50, -1.88) ᵒC, extrema(S): (37.30, 24.68) g/kg, extrema(e): (0.53, -0.01) J, wall time: 27.581 seconds 
[ Info: time: 14.333 hours, iteration: 1720, Δt: 30 seconds, max|u|: (3.56e+00, 2.54e+00, 7.32e-02) m s⁻¹, extrema(T): (31.00, -1.86) ᵒC, extrema(S): (40.43, 11.47) g/kg, extrema(e): (0.85, -0.77) J, wall time: 27.618 seconds 
[ Info: time: 14.333 hours, iteration: 1720, Δt: 30 seconds, max|u|: (2.95e+00, 1.71e+00, 1.24e-02) m s⁻¹, extrema(T): (30.49, -1.88) ᵒC, extrema(S): (37.30, 24.68) g/kg, extrema(e): (0.18, -0.00) J, wall time: 27.580 seconds 
[ Info: time: 14.500 hours, iteration: 1740, Δt: 30 seconds, max|u|: (3.47e+00, 2.55e+00, 7.12e-02) m s⁻¹, extrema(T): (31.00, -1.86) ᵒC, extrema(S): (40.43, 11.47) g/kg, extrema(e): (28.59, -10.84) J, wall time: 27.415 seconds 
[ Info: time: 14.500 hours, iteration: 1740, Δt: 30 seconds, max|u|: (2.93e+00, 1.77e+00, 1.24e-02) m s⁻¹, extrema(T): (30.49, -1.88) ᵒC, extrema(S): (37.30, 24.68) g/kg, extrema(e): (0.29, -0.02) J, wall time: 27.554 seconds 
[ Info: time: 14.667 hours, iteration: 1760, Δt: 30 seconds, max|u|: (3.39e+00, 2.57e+00, 7.04e-02) m s⁻¹, extrema(T): (31.00, -1.86) ᵒC, extrema(S): (40.43, 11.47) g/kg, extrema(e): (6.47, -2696.81) J, wall time: 27.644 seconds 
[ Info: time: 14.667 hours, iteration: 1760, Δt: 30 seconds, max|u|: (2.87e+00, 1.80e+00, 1.25e-02) m s⁻¹, extrema(T): (30.48, -1.88) ᵒC, extrema(S): (37.30, 24.68) g/kg, extrema(e): (0.09, -0.00) J, wall time: 27.560 seconds 
[ Info: time: 14.833 hours, iteration: 1780, Δt: 30 seconds, max|u|: (3.32e+00, 2.58e+00, 7.15e-02) m s⁻¹, extrema(T): (31.00, -1.86) ᵒC, extrema(S): (40.43, 11.47) g/kg, extrema(e): (1789.08, -0.76) J, wall time: 27.516 seconds 
[ Info: time: 14.833 hours, iteration: 1780, Δt: 30 seconds, max|u|: (2.80e+00, 1.78e+00, 1.25e-02) m s⁻¹, extrema(T): (30.48, -1.88) ᵒC, extrema(S): (37.30, 24.68) g/kg, extrema(e): (0.76, -0.00) J, wall time: 27.558 seconds 
[ Info: time: 15 hours, iteration: 1800, Δt: 30 seconds, max|u|: (3.28e+00, 2.59e+00, 7.26e-02) m s⁻¹, extrema(T): (31.00, -1.86) ᵒC, extrema(S): (40.43, 11.47) g/kg, extrema(e): (9.35, -90.16) J, wall time: 27.591 seconds 
[ Info: time: 15 hours, iteration: 1800, Δt: 30 seconds, max|u|: (2.70e+00, 2.02e+00, 1.26e-02) m s⁻¹, extrema(T): (30.47, -1.88) ᵒC, extrema(S): (37.30, 24.68) g/kg, extrema(e): (0.63, -0.00) J, wall time: 27.546 seconds 
[ Info: time: 15.167 hours, iteration: 1820, Δt: 30 seconds, max|u|: (3.25e+00, 2.59e+00, 7.35e-02) m s⁻¹, extrema(T): (31.00, -1.86) ᵒC, extrema(S): (40.43, 11.47) g/kg, extrema(e): (3.99, -163.83) J, wall time: 27.544 seconds 
[ Info: time: 15.167 hours, iteration: 1820, Δt: 30 seconds, max|u|: (2.57e+00, 2.22e+00, 1.27e-02) m s⁻¹, extrema(T): (30.47, -1.88) ᵒC, extrema(S): (37.30, 24.68) g/kg, extrema(e): (0.23, -2.98) J, wall time: 27.588 seconds 
[ Info: time: 15.333 hours, iteration: 1840, Δt: 30 seconds, max|u|: (3.24e+00, 2.60e+00, 7.43e-02) m s⁻¹, extrema(T): (31.00, -1.86) ᵒC, extrema(S): (40.43, 11.47) g/kg, extrema(e): (38.41, -7.86) J, wall time: 27.622 seconds 
[ Info: time: 15.333 hours, iteration: 1840, Δt: 30 seconds, max|u|: (2.39e+00, 2.36e+00, 1.27e-02) m s⁻¹, extrema(T): (30.47, -1.88) ᵒC, extrema(S): (37.30, 24.68) g/kg, extrema(e): (1.32, -0.00) J, wall time: 27.603 seconds 
[ Info: time: 15.500 hours, iteration: 1860, Δt: 30 seconds, max|u|: (3.23e+00, 2.60e+00, 7.49e-02) m s⁻¹, extrema(T): (31.01, -1.86) ᵒC, extrema(S): (40.43, 11.47) g/kg, extrema(e): (2.86, -536.20) J, wall time: 27.559 seconds 
[ Info: time: 15.500 hours, iteration: 1860, Δt: 30 seconds, max|u|: (2.18e+00, 2.44e+00, 1.28e-02) m s⁻¹, extrema(T): (30.47, -1.88) ᵒC, extrema(S): (37.30, 24.68) g/kg, extrema(e): (1.27, -24.03) J, wall time: 27.531 seconds 
[ Info: time: 15.667 hours, iteration: 1880, Δt: 30 seconds, max|u|: (3.20e+00, 2.60e+00, 7.54e-02) m s⁻¹, extrema(T): (31.01, -1.86) ᵒC, extrema(S): (40.43, 11.47) g/kg, extrema(e): (4.61, -2.42) J, wall time: 27.616 seconds 
[ Info: time: 15.667 hours, iteration: 1880, Δt: 30 seconds, max|u|: (1.95e+00, 2.48e+00, 1.28e-02) m s⁻¹, extrema(T): (30.47, -1.88) ᵒC, extrema(S): (37.30, 24.69) g/kg, extrema(e): (0.69, -0.66) J, wall time: 27.603 seconds 
[ Info: time: 15.833 hours, iteration: 1900, Δt: 30 seconds, max|u|: (3.15e+00, 2.62e+00, 7.58e-02) m s⁻¹, extrema(T): (31.01, -1.86) ᵒC, extrema(S): (40.43, 11.47) g/kg, extrema(e): (3.25, -5.78) J, wall time: 27.597 seconds 
[ Info: time: 15.833 hours, iteration: 1900, Δt: 30 seconds, max|u|: (1.75e+00, 2.49e+00, 1.29e-02) m s⁻¹, extrema(T): (30.47, -1.88) ᵒC, extrema(S): (37.30, 24.69) g/kg, extrema(e): (0.03, -16.55) J, wall time: 27.584 seconds 
[ Info: time: 16 hours, iteration: 1920, Δt: 30 seconds, max|u|: (3.08e+00, 2.64e+00, 7.60e-02) m s⁻¹, extrema(T): (31.01, -1.86) ᵒC, extrema(S): (40.43, 11.47) g/kg, extrema(e): (4.32, -26.06) J, wall time: 27.547 seconds 
[ Info: time: 16 hours, iteration: 1920, Δt: 30 seconds, max|u|: (1.94e+00, 2.49e+00, 1.29e-02) m s⁻¹, extrema(T): (30.47, -1.88) ᵒC, extrema(S): (37.30, 24.69) g/kg, extrema(e): (0.04, -0.00) J, wall time: 27.501 seconds 
[ Info: time: 16.167 hours, iteration: 1940, Δt: 30 seconds, max|u|: (3.06e+00, 2.65e+00, 7.60e-02) m s⁻¹, extrema(T): (31.01, -1.86) ᵒC, extrema(S): (40.43, 11.47) g/kg, extrema(e): (5.25, -3.33) J, wall time: 27.440 seconds 
[ Info: time: 16.167 hours, iteration: 1940, Δt: 30 seconds, max|u|: (1.76e+00, 2.50e+00, 1.30e-02) m s⁻¹, extrema(T): (30.46, -1.88) ᵒC, extrema(S): (37.30, 24.69) g/kg, extrema(e): (0.04, -0.00) J, wall time: 27.538 seconds 
[ Info: time: 16.333 hours, iteration: 1960, Δt: 30 seconds, max|u|: (3.18e+00, 2.66e+00, 7.59e-02) m s⁻¹, extrema(T): (31.01, -1.86) ᵒC, extrema(S): (40.43, 11.47) g/kg, extrema(e): (7.83, -7.45) J, wall time: 27.634 seconds 
[ Info: time: 16.333 hours, iteration: 1960, Δt: 30 seconds, max|u|: (1.75e+00, 2.50e+00, 1.30e-02) m s⁻¹, extrema(T): (30.46, -1.88) ᵒC, extrema(S): (37.30, 24.69) g/kg, extrema(e): (0.05, -0.00) J, wall time: 27.608 seconds 
[ Info: time: 16.500 hours, iteration: 1980, Δt: 30 seconds, max|u|: (3.24e+00, 2.67e+00, 7.56e-02) m s⁻¹, extrema(T): (31.01, -1.86) ᵒC, extrema(S): (40.43, 11.47) g/kg, extrema(e): (15.44, -8.20) J, wall time: 27.568 seconds 
[ Info: time: 16.500 hours, iteration: 1980, Δt: 30 seconds, max|u|: (1.74e+00, 2.50e+00, 1.31e-02) m s⁻¹, extrema(T): (30.46, -1.88) ᵒC, extrema(S): (37.30, 24.69) g/kg, extrema(e): (0.05, -0.00) J, wall time: 27.597 seconds 
[ Info: time: 16.667 hours, iteration: 2000, Δt: 30 seconds, max|u|: (3.27e+00, 2.68e+00, 7.52e-02) m s⁻¹, extrema(T): (31.01, -1.86) ᵒC, extrema(S): (40.43, 11.47) g/kg, extrema(e): (2.34, -164.39) J, wall time: 27.504 seconds 
[ Info: time: 16.667 hours, iteration: 2000, Δt: 30 seconds, max|u|: (1.73e+00, 2.48e+00, 1.32e-02) m s⁻¹, extrema(T): (30.46, -1.88) ᵒC, extrema(S): (37.30, 24.69) g/kg, extrema(e): (0.18, -0.45) J, wall time: 27.562 seconds 
[ Info: time: 16.833 hours, iteration: 2020, Δt: 30 seconds, max|u|: (3.26e+00, 2.69e+00, 7.45e-02) m s⁻¹, extrema(T): (31.01, -1.86) ᵒC, extrema(S): (40.43, 11.47) g/kg, extrema(e): (46.17, -0.38) J, wall time: 27.632 seconds 
[ Info: time: 16.833 hours, iteration: 2020, Δt: 30 seconds, max|u|: (1.74e+00, 2.46e+00, 1.33e-02) m s⁻¹, extrema(T): (30.46, -1.88) ᵒC, extrema(S): (37.30, 24.69) g/kg, extrema(e): (0.07, -0.00) J, wall time: 27.628 seconds 
[ Info: time: 17 hours, iteration: 2040, Δt: 30 seconds, max|u|: (3.23e+00, 2.70e+00, 7.37e-02) m s⁻¹, extrema(T): (31.01, -1.86) ᵒC, extrema(S): (40.43, 11.47) g/kg, extrema(e): (2.94, -107.74) J, wall time: 27.555 seconds 
[ Info: time: 17 hours, iteration: 2040, Δt: 30 seconds, max|u|: (1.74e+00, 2.42e+00, 1.34e-02) m s⁻¹, extrema(T): (30.46, -1.88) ᵒC, extrema(S): (37.30, 24.69) g/kg, extrema(e): (0.33, -0.00) J, wall time: 27.558 seconds 
[ Info: time: 17.167 hours, iteration: 2060, Δt: 30 seconds, max|u|: (3.19e+00, 2.70e+00, 7.28e-02) m s⁻¹, extrema(T): (31.02, -1.86) ᵒC, extrema(S): (40.43, 11.47) g/kg, extrema(e): (11.35, -60.68) J, wall time: 27.700 seconds 
[ Info: time: 17.167 hours, iteration: 2060, Δt: 30 seconds, max|u|: (1.74e+00, 2.33e+00, 1.35e-02) m s⁻¹, extrema(T): (30.46, -1.88) ᵒC, extrema(S): (37.30, 24.69) g/kg, extrema(e): (0.29, -0.00) J, wall time: 27.564 seconds 
[ Info: time: 17.333 hours, iteration: 2080, Δt: 30 seconds, max|u|: (3.14e+00, 2.70e+00, 7.16e-02) m s⁻¹, extrema(T): (31.02, -1.86) ᵒC, extrema(S): (40.43, 11.47) g/kg, extrema(e): (32.98, -0.12) J, wall time: 27.466 seconds 
[ Info: time: 17.333 hours, iteration: 2080, Δt: 30 seconds, max|u|: (1.73e+00, 2.20e+00, 1.36e-02) m s⁻¹, extrema(T): (30.46, -1.88) ᵒC, extrema(S): (37.30, 24.69) g/kg, extrema(e): (0.17, -17.60) J, wall time: 27.553 seconds 
[ Info: time: 17.500 hours, iteration: 2100, Δt: 30 seconds, max|u|: (3.09e+00, 2.70e+00, 7.03e-02) m s⁻¹, extrema(T): (31.02, -1.86) ᵒC, extrema(S): (40.43, 11.47) g/kg, extrema(e): (260.87, -17.82) J, wall time: 27.602 seconds 
[ Info: time: 17.500 hours, iteration: 2100, Δt: 30 seconds, max|u|: (1.76e+00, 2.04e+00, 1.38e-02) m s⁻¹, extrema(T): (30.45, -1.88) ᵒC, extrema(S): (37.30, 24.69) g/kg, extrema(e): (8.42, -0.01) J, wall time: 27.656 seconds 
[ Info: time: 17.667 hours, iteration: 2120, Δt: 30 seconds, max|u|: (3.11e+00, 2.69e+00, 6.89e-02) m s⁻¹, extrema(T): (31.02, -1.86) ᵒC, extrema(S): (40.43, 11.47) g/kg, extrema(e): (0.81, -253.56) J, wall time: 27.632 seconds 
[ Info: time: 17.667 hours, iteration: 2120, Δt: 30 seconds, max|u|: (1.77e+00, 1.96e+00, 1.40e-02) m s⁻¹, extrema(T): (30.45, -1.88) ᵒC, extrema(S): (37.30, 24.69) g/kg, extrema(e): (0.87, -3.64) J, wall time: 27.589 seconds 
[ Info: time: 17.833 hours, iteration: 2140, Δt: 30 seconds, max|u|: (3.10e+00, 2.68e+00, 6.73e-02) m s⁻¹, extrema(T): (31.02, -1.85) ᵒC, extrema(S): (40.43, 11.47) g/kg, extrema(e): (12.63, -32.10) J, wall time: 27.618 seconds 
[ Info: time: 17.833 hours, iteration: 2140, Δt: 30 seconds, max|u|: (1.92e+00, 1.97e+00, 1.41e-02) m s⁻¹, extrema(T): (30.45, -1.88) ᵒC, extrema(S): (37.30, 24.69) g/kg, extrema(e): (0.42, -0.00) J, wall time: 27.508 seconds 
[ Info: time: 18 hours, iteration: 2160, Δt: 30 seconds, max|u|: (3.07e+00, 2.68e+00, 6.56e-02) m s⁻¹, extrema(T): (31.03, -1.85) ᵒC, extrema(S): (40.43, 11.47) g/kg, extrema(e): (0.96, -2030.88) J, wall time: 27.415 seconds 
[ Info: time: 18 hours, iteration: 2160, Δt: 30 seconds, max|u|: (2.14e+00, 1.93e+00, 1.43e-02) m s⁻¹, extrema(T): (30.45, -1.88) ᵒC, extrema(S): (37.30, 24.69) g/kg, extrema(e): (1.11, -0.00) J, wall time: 27.515 seconds 
[ Info: time: 18.167 hours, iteration: 2180, Δt: 30 seconds, max|u|: (3.02e+00, 2.67e+00, 6.39e-02) m s⁻¹, extrema(T): (31.03, -1.85) ᵒC, extrema(S): (40.43, 11.47) g/kg, extrema(e): (2.58, -35.33) J, wall time: 27.645 seconds 
[ Info: time: 18.167 hours, iteration: 2180, Δt: 30 seconds, max|u|: (2.39e+00, 1.93e+00, 1.45e-02) m s⁻¹, extrema(T): (30.45, -1.88) ᵒC, extrema(S): (37.30, 24.69) g/kg, extrema(e): (0.22, -6.30) J, wall time: 27.560 seconds 
[ Info: time: 18.333 hours, iteration: 2200, Δt: 30 seconds, max|u|: (2.94e+00, 2.66e+00, 6.21e-02) m s⁻¹, extrema(T): (31.03, -1.85) ᵒC, extrema(S): (40.43, 11.47) g/kg, extrema(e): (57.35, -27.06) J, wall time: 27.527 seconds 
[ Info: time: 18.333 hours, iteration: 2200, Δt: 30 seconds, max|u|: (2.63e+00, 1.95e+00, 1.46e-02) m s⁻¹, extrema(T): (30.45, -1.88) ᵒC, extrema(S): (37.30, 24.70) g/kg, extrema(e): (0.09, -35.22) J, wall time: 27.611 seconds 
[ Info: time: 18.500 hours, iteration: 2220, Δt: 30 seconds, max|u|: (2.82e+00, 2.65e+00, 6.02e-02) m s⁻¹, extrema(T): (31.03, -1.85) ᵒC, extrema(S): (40.43, 11.47) g/kg, extrema(e): (23.15, -75.41) J, wall time: 27.483 seconds 
[ Info: time: 18.500 hours, iteration: 2220, Δt: 30 seconds, max|u|: (2.77e+00, 1.96e+00, 1.48e-02) m s⁻¹, extrema(T): (30.45, -1.88) ᵒC, extrema(S): (37.30, 24.70) g/kg, extrema(e): (0.71, -0.01) J, wall time: 27.515 seconds 
[ Info: time: 18.667 hours, iteration: 2240, Δt: 30 seconds, max|u|: (2.73e+00, 2.63e+00, 5.84e-02) m s⁻¹, extrema(T): (31.03, -1.85) ᵒC, extrema(S): (40.43, 11.47) g/kg, extrema(e): (2.84, -5.00) J, wall time: 27.686 seconds 
[ Info: time: 18.667 hours, iteration: 2240, Δt: 30 seconds, max|u|: (2.76e+00, 2.03e+00, 1.49e-02) m s⁻¹, extrema(T): (30.45, -1.88) ᵒC, extrema(S): (37.30, 24.70) g/kg, extrema(e): (0.19, -0.00) J, wall time: 27.642 seconds 
[ Info: time: 18.833 hours, iteration: 2260, Δt: 30 seconds, max|u|: (2.73e+00, 2.62e+00, 5.82e-02) m s⁻¹, extrema(T): (31.04, -1.85) ᵒC, extrema(S): (40.43, 11.47) g/kg, extrema(e): (3.51, -1517.68) J, wall time: 27.521 seconds 
[ Info: time: 18.833 hours, iteration: 2260, Δt: 30 seconds, max|u|: (2.58e+00, 2.07e+00, 1.51e-02) m s⁻¹, extrema(T): (30.45, -1.88) ᵒC, extrema(S): (37.30, 24.70) g/kg, extrema(e): (0.28, -0.03) J, wall time: 27.463 seconds 
[ Info: time: 19 hours, iteration: 2280, Δt: 30 seconds, max|u|: (2.73e+00, 2.60e+00, 5.81e-02) m s⁻¹, extrema(T): (31.04, -1.85) ᵒC, extrema(S): (40.43, 11.47) g/kg, extrema(e): (4.01, -933.57) J, wall time: 27.390 seconds 
[ Info: time: 19 hours, iteration: 2280, Δt: 30 seconds, max|u|: (2.25e+00, 2.08e+00, 1.52e-02) m s⁻¹, extrema(T): (30.45, -1.88) ᵒC, extrema(S): (37.30, 24.70) g/kg, extrema(e): (0.07, -0.00) J, wall time: 27.487 seconds 
[ Info: time: 19.167 hours, iteration: 2300, Δt: 30 seconds, max|u|: (2.74e+00, 2.59e+00, 5.81e-02) m s⁻¹, extrema(T): (31.04, -1.85) ᵒC, extrema(S): (40.43, 11.47) g/kg, extrema(e): (0.60, -3.92) J, wall time: 27.518 seconds 
[ Info: time: 19.167 hours, iteration: 2300, Δt: 30 seconds, max|u|: (2.04e+00, 2.04e+00, 1.54e-02) m s⁻¹, extrema(T): (30.45, -1.88) ᵒC, extrema(S): (37.30, 24.70) g/kg, extrema(e): (0.39, -0.00) J, wall time: 27.437 seconds 
[ Info: time: 19.333 hours, iteration: 2320, Δt: 30 seconds, max|u|: (2.87e+00, 2.79e+00, 5.79e-02) m s⁻¹, extrema(T): (31.04, -1.85) ᵒC, extrema(S): (40.43, 11.47) g/kg, extrema(e): (0.14, -11.31) J, wall time: 27.495 seconds 
[ Info: time: 19.333 hours, iteration: 2320, Δt: 30 seconds, max|u|: (1.95e+00, 2.00e+00, 1.55e-02) m s⁻¹, extrema(T): (30.45, -1.88) ᵒC, extrema(S): (37.30, 24.71) g/kg, extrema(e): (1.91, -4.69) J, wall time: 27.544 seconds 
[ Info: time: 19.500 hours, iteration: 2340, Δt: 30 seconds, max|u|: (3.15e+00, 2.94e+00, 5.77e-02) m s⁻¹, extrema(T): (31.04, -1.85) ᵒC, extrema(S): (40.43, 11.47) g/kg, extrema(e): (28.21, -9.39) J, wall time: 27.446 seconds 
[ Info: time: 19.500 hours, iteration: 2340, Δt: 30 seconds, max|u|: (1.85e+00, 2.15e+00, 1.57e-02) m s⁻¹, extrema(T): (30.45, -1.88) ᵒC, extrema(S): (37.30, 24.71) g/kg, extrema(e): (0.09, -0.00) J, wall time: 27.495 seconds 
[ Info: time: 19.667 hours, iteration: 2360, Δt: 30 seconds, max|u|: (3.37e+00, 3.02e+00, 5.74e-02) m s⁻¹, extrema(T): (31.04, -1.85) ᵒC, extrema(S): (40.43, 11.47) g/kg, extrema(e): (9.04, -17.09) J, wall time: 27.639 seconds 
[ Info: time: 19.667 hours, iteration: 2360, Δt: 30 seconds, max|u|: (1.75e+00, 2.23e+00, 1.58e-02) m s⁻¹, extrema(T): (30.45, -1.88) ᵒC, extrema(S): (37.30, 24.71) g/kg, extrema(e): (0.68, -0.00) J, wall time: 27.537 seconds 
[ Info: time: 19.833 hours, iteration: 2380, Δt: 30 seconds, max|u|: (3.55e+00, 3.03e+00, 5.70e-02) m s⁻¹, extrema(T): (31.04, -1.85) ᵒC, extrema(S): (40.43, 11.47) g/kg, extrema(e): (5.91, -23.85) J, wall time: 27.545 seconds 
[ Info: time: 19.833 hours, iteration: 2380, Δt: 30 seconds, max|u|: (1.80e+00, 2.25e+00, 1.59e-02) m s⁻¹, extrema(T): (30.45, -1.88) ᵒC, extrema(S): (37.30, 24.71) g/kg, extrema(e): (0.13, -0.00) J, wall time: 27.593 seconds 
[ Info: time: 20 hours, iteration: 2400, Δt: 30 seconds, max|u|: (3.72e+00, 2.97e+00, 5.66e-02) m s⁻¹, extrema(T): (31.04, -1.85) ᵒC, extrema(S): (40.43, 11.47) g/kg, extrema(e): (4.27, -31.57) J, wall time: 27.556 seconds 
[ Info: time: 20 hours, iteration: 2400, Δt: 30 seconds, max|u|: (1.94e+00, 2.22e+00, 1.60e-02) m s⁻¹, extrema(T): (30.45, -1.88) ᵒC, extrema(S): (37.30, 24.71) g/kg, extrema(e): (3.32, -0.00) J, wall time: 27.594 seconds 
[ Info: time: 20.167 hours, iteration: 2420, Δt: 30 seconds, max|u|: (3.90e+00, 2.86e+00, 5.61e-02) m s⁻¹, extrema(T): (31.04, -1.85) ᵒC, extrema(S): (40.43, 11.47) g/kg, extrema(e): (2.46, -16.62) J, wall time: 27.598 seconds 
[ Info: time: 20.167 hours, iteration: 2420, Δt: 30 seconds, max|u|: (2.09e+00, 2.16e+00, 1.61e-02) m s⁻¹, extrema(T): (30.45, -1.88) ᵒC, extrema(S): (37.30, 24.71) g/kg, extrema(e): (0.37, -0.00) J, wall time: 27.532 seconds 
[ Info: time: 20.333 hours, iteration: 2440, Δt: 30 seconds, max|u|: (4.12e+00, 2.69e+00, 5.56e-02) m s⁻¹, extrema(T): (31.04, -1.85) ᵒC, extrema(S): (40.43, 11.47) g/kg, extrema(e): (0.36, -0.35) J, wall time: 27.440 seconds 
[ Info: time: 20.333 hours, iteration: 2440, Δt: 30 seconds, max|u|: (2.23e+00, 2.07e+00, 1.62e-02) m s⁻¹, extrema(T): (30.45, -1.88) ᵒC, extrema(S): (37.30, 24.71) g/kg, extrema(e): (0.21, -0.00) J, wall time: 27.488 seconds 
[ Info: time: 20.500 hours, iteration: 2460, Δt: 30 seconds, max|u|: (4.37e+00, 2.64e+00, 5.50e-02) m s⁻¹, extrema(T): (31.04, -1.85) ᵒC, extrema(S): (40.43, 11.47) g/kg, extrema(e): (1.82, -0.00) J, wall time: 27.515 seconds 
[ Info: time: 20.500 hours, iteration: 2460, Δt: 30 seconds, max|u|: (2.36e+00, 1.95e+00, 1.63e-02) m s⁻¹, extrema(T): (30.45, -1.88) ᵒC, extrema(S): (37.30, 24.71) g/kg, extrema(e): (1.30, -0.00) J, wall time: 27.531 seconds 
[ Info: time: 20.667 hours, iteration: 2480, Δt: 30 seconds, max|u|: (4.64e+00, 2.67e+00, 5.44e-02) m s⁻¹, extrema(T): (31.04, -1.85) ᵒC, extrema(S): (40.43, 11.47) g/kg, extrema(e): (12.13, -12.96) J, wall time: 27.608 seconds 
[ Info: time: 20.667 hours, iteration: 2480, Δt: 30 seconds, max|u|: (2.47e+00, 1.90e+00, 1.64e-02) m s⁻¹, extrema(T): (30.46, -1.88) ᵒC, extrema(S): (37.30, 24.71) g/kg, extrema(e): (0.20, -0.00) J, wall time: 27.558 seconds 
[ Info: time: 20.833 hours, iteration: 2500, Δt: 30 seconds, max|u|: (4.94e+00, 2.63e+00, 5.37e-02) m s⁻¹, extrema(T): (31.04, -1.85) ᵒC, extrema(S): (40.43, 11.47) g/kg, extrema(e): (17.05, -46.53) J, wall time: 27.446 seconds 
[ Info: time: 20.833 hours, iteration: 2500, Δt: 30 seconds, max|u|: (2.57e+00, 1.81e+00, 1.65e-02) m s⁻¹, extrema(T): (30.46, -1.88) ᵒC, extrema(S): (37.30, 24.71) g/kg, extrema(e): (1.02, -2.61) J, wall time: 27.473 seconds 
[ Info: time: 21 hours, iteration: 2520, Δt: 30 seconds, max|u|: (5.23e+00, 2.78e+00, 5.30e-02) m s⁻¹, extrema(T): (31.04, -1.85) ᵒC, extrema(S): (40.43, 11.47) g/kg, extrema(e): (0.67, -11.53) J, wall time: 27.490 seconds 
[ Info: time: 21 hours, iteration: 2520, Δt: 30 seconds, max|u|: (2.64e+00, 1.76e+00, 1.66e-02) m s⁻¹, extrema(T): (30.46, -1.88) ᵒC, extrema(S): (37.30, 24.71) g/kg, extrema(e): (0.18, -0.00) J, wall time: 27.497 seconds 
[ Info: time: 21.167 hours, iteration: 2540, Δt: 30 seconds, max|u|: (5.51e+00, 2.92e+00, 5.22e-02) m s⁻¹, extrema(T): (31.04, -1.85) ᵒC, extrema(S): (40.43, 11.47) g/kg, extrema(e): (0.52, -7.32) J, wall time: 27.478 seconds 
[ Info: time: 21.167 hours, iteration: 2540, Δt: 30 seconds, max|u|: (2.69e+00, 1.71e+00, 1.67e-02) m s⁻¹, extrema(T): (30.46, -1.88) ᵒC, extrema(S): (37.30, 24.71) g/kg, extrema(e): (0.48, -0.53) J, wall time: 27.481 seconds 
[ Info: time: 21.333 hours, iteration: 2560, Δt: 30 seconds, max|u|: (5.76e+00, 3.02e+00, 5.27e-02) m s⁻¹, extrema(T): (31.04, -1.85) ᵒC, extrema(S): (40.43, 11.47) g/kg, extrema(e): (2.47, -90.49) J, wall time: 27.447 seconds 
[ Info: time: 21.333 hours, iteration: 2560, Δt: 30 seconds, max|u|: (2.70e+00, 1.77e+00, 1.68e-02) m s⁻¹, extrema(T): (30.46, -1.88) ᵒC, extrema(S): (37.30, 24.71) g/kg, extrema(e): (0.62, -0.00) J, wall time: 27.404 seconds 
[ Info: time: 21.500 hours, iteration: 2580, Δt: 30 seconds, max|u|: (5.97e+00, 3.22e+00, 5.33e-02) m s⁻¹, extrema(T): (31.04, -1.85) ᵒC, extrema(S): (40.43, 11.47) g/kg, extrema(e): (9.10, -23.12) J, wall time: 27.441 seconds 
[ Info: time: 21.500 hours, iteration: 2580, Δt: 30 seconds, max|u|: (2.69e+00, 1.83e+00, 1.69e-02) m s⁻¹, extrema(T): (30.47, -1.88) ᵒC, extrema(S): (37.30, 24.71) g/kg, extrema(e): (0.27, -3.08) J, wall time: 27.548 seconds 
[ Info: time: 21.667 hours, iteration: 2600, Δt: 30 seconds, max|u|: (6.12e+00, 3.55e+00, 5.38e-02) m s⁻¹, extrema(T): (31.04, -1.85) ᵒC, extrema(S): (40.43, 11.48) g/kg, extrema(e): (36.40, -62.39) J, wall time: 27.664 seconds 
[ Info: time: 21.667 hours, iteration: 2600, Δt: 30 seconds, max|u|: (2.66e+00, 1.89e+00, 1.70e-02) m s⁻¹, extrema(T): (30.47, -1.88) ᵒC, extrema(S): (37.30, 24.71) g/kg, extrema(e): (0.16, -0.00) J, wall time: 27.560 seconds 
[ Info: time: 21.833 hours, iteration: 2620, Δt: 30 seconds, max|u|: (6.22e+00, 3.85e+00, 5.42e-02) m s⁻¹, extrema(T): (31.04, -1.85) ᵒC, extrema(S): (40.43, 11.48) g/kg, extrema(e): (22.22, -5.53) J, wall time: 27.540 seconds 
[ Info: time: 21.833 hours, iteration: 2620, Δt: 30 seconds, max|u|: (2.60e+00, 1.94e+00, 1.71e-02) m s⁻¹, extrema(T): (30.47, -1.88) ᵒC, extrema(S): (37.30, 24.72) g/kg, extrema(e): (0.15, -0.00) J, wall time: 27.516 seconds 
[ Info: time: 22 hours, iteration: 2640, Δt: 30 seconds, max|u|: (6.27e+00, 4.15e+00, 5.46e-02) m s⁻¹, extrema(T): (31.04, -1.85) ᵒC, extrema(S): (40.43, 11.48) g/kg, extrema(e): (0.67, -16.44) J, wall time: 27.480 seconds 
[ Info: time: 22 hours, iteration: 2640, Δt: 30 seconds, max|u|: (2.53e+00, 1.95e+00, 1.72e-02) m s⁻¹, extrema(T): (30.48, -1.88) ᵒC, extrema(S): (37.30, 24.72) g/kg, extrema(e): (8.26, -0.00) J, wall time: 27.508 seconds 
[ Info: time: 22.167 hours, iteration: 2660, Δt: 30 seconds, max|u|: (6.24e+00, 4.47e+00, 5.49e-02) m s⁻¹, extrema(T): (31.04, -1.85) ᵒC, extrema(S): (40.43, 11.48) g/kg, extrema(e): (5.34, -5.11) J, wall time: 27.520 seconds 
[ Info: time: 22.167 hours, iteration: 2660, Δt: 30 seconds, max|u|: (2.62e+00, 1.94e+00, 1.73e-02) m s⁻¹, extrema(T): (30.48, -1.88) ᵒC, extrema(S): (37.30, 24.72) g/kg, extrema(e): (0.37, -0.00) J, wall time: 27.553 seconds 
[ Info: time: 22.333 hours, iteration: 2680, Δt: 30 seconds, max|u|: (6.12e+00, 4.83e+00, 5.52e-02) m s⁻¹, extrema(T): (31.04, -1.85) ᵒC, extrema(S): (40.43, 11.48) g/kg, extrema(e): (1.05, -30.21) J, wall time: 27.478 seconds 
[ Info: time: 22.333 hours, iteration: 2680, Δt: 30 seconds, max|u|: (2.68e+00, 1.96e+00, 1.74e-02) m s⁻¹, extrema(T): (30.49, -1.88) ᵒC, extrema(S): (37.30, 24.72) g/kg, extrema(e): (0.63, -0.00) J, wall time: 27.544 seconds 
[ Info: time: 22.500 hours, iteration: 2700, Δt: 30 seconds, max|u|: (5.88e+00, 5.36e+00, 5.54e-02) m s⁻¹, extrema(T): (31.04, -1.85) ᵒC, extrema(S): (40.43, 11.48) g/kg, extrema(e): (63.72, -15.68) J, wall time: 27.629 seconds 
[ Info: time: 22.500 hours, iteration: 2700, Δt: 30 seconds, max|u|: (2.72e+00, 1.98e+00, 1.74e-02) m s⁻¹, extrema(T): (30.49, -1.88) ᵒC, extrema(S): (37.30, 24.72) g/kg, extrema(e): (4.70, -0.00) J, wall time: 27.573 seconds 
[ Info: time: 22.667 hours, iteration: 2720, Δt: 30 seconds, max|u|: (5.81e+00, 5.93e+00, 5.55e-02) m s⁻¹, extrema(T): (31.04, -1.85) ᵒC, extrema(S): (40.43, 11.48) g/kg, extrema(e): (63.10, -9.20) J, wall time: 27.589 seconds 
[ Info: time: 22.667 hours, iteration: 2720, Δt: 30 seconds, max|u|: (2.75e+00, 2.00e+00, 1.75e-02) m s⁻¹, extrema(T): (30.50, -1.88) ᵒC, extrema(S): (37.30, 24.72) g/kg, extrema(e): (2.31, -0.12) J, wall time: 27.494 seconds 
[ Info: time: 22.833 hours, iteration: 2740, Δt: 30 seconds, max|u|: (5.79e+00, 6.48e+00, 5.56e-02) m s⁻¹, extrema(T): (31.03, -1.85) ᵒC, extrema(S): (40.43, 11.48) g/kg, extrema(e): (4.00, -1.45) J, wall time: 27.464 seconds 
[ Info: time: 22.833 hours, iteration: 2740, Δt: 30 seconds, max|u|: (2.76e+00, 2.13e+00, 1.76e-02) m s⁻¹, extrema(T): (30.50, -1.88) ᵒC, extrema(S): (37.30, 24.72) g/kg, extrema(e): (17.46, -0.00) J, wall time: 27.586 seconds 
[ Info: time: 23 hours, iteration: 2760, Δt: 30 seconds, max|u|: (5.69e+00, 7.03e+00, 5.57e-02) m s⁻¹, extrema(T): (31.03, -1.85) ᵒC, extrema(S): (40.43, 11.48) g/kg, extrema(e): (148.26, -67.60) J, wall time: 27.675 seconds 
[ Info: time: 23 hours, iteration: 2760, Δt: 30 seconds, max|u|: (2.75e+00, 2.21e+00, 1.76e-02) m s⁻¹, extrema(T): (30.51, -1.88) ᵒC, extrema(S): (37.30, 24.72) g/kg, extrema(e): (1.90, -170.91) J, wall time: 27.590 seconds 
[ Info: time: 23.167 hours, iteration: 2780, Δt: 30 seconds, max|u|: (5.45e+00, 7.59e+00, 5.57e-02) m s⁻¹, extrema(T): (31.03, -1.85) ᵒC, extrema(S): (40.43, 11.48) g/kg, extrema(e): (9.85, -14.26) J, wall time: 27.511 seconds 
[ Info: time: 23.167 hours, iteration: 2780, Δt: 30 seconds, max|u|: (2.72e+00, 2.13e+00, 1.77e-02) m s⁻¹, extrema(T): (30.52, -1.88) ᵒC, extrema(S): (37.30, 24.72) g/kg, extrema(e): (0.31, -0.31) J, wall time: 27.588 seconds 
[ Info: time: 23.333 hours, iteration: 2800, Δt: 30 seconds, max|u|: (5.07e+00, 8.19e+00, 5.56e-02) m s⁻¹, extrema(T): (31.03, -1.85) ᵒC, extrema(S): (40.43, 11.48) g/kg, extrema(e): (19.49, -4.95) J, wall time: 27.665 seconds 
[ Info: time: 23.333 hours, iteration: 2800, Δt: 30 seconds, max|u|: (2.66e+00, 2.08e+00, 1.78e-02) m s⁻¹, extrema(T): (30.52, -1.88) ᵒC, extrema(S): (37.30, 24.72) g/kg, extrema(e): (0.28, -0.00) J, wall time: 27.521 seconds 
[ Info: time: 23.500 hours, iteration: 2820, Δt: 30 seconds, max|u|: (4.53e+00, 8.85e+00, 5.54e-02) m s⁻¹, extrema(T): (31.02, -1.85) ᵒC, extrema(S): (40.44, 11.48) g/kg, extrema(e): (80.70, -1.74) J, wall time: 27.532 seconds 
[ Info: time: 23.500 hours, iteration: 2820, Δt: 30 seconds, max|u|: (2.58e+00, 2.11e+00, 1.78e-02) m s⁻¹, extrema(T): (30.53, -1.88) ᵒC, extrema(S): (37.30, 24.72) g/kg, extrema(e): (0.25, -0.00) J, wall time: 27.589 seconds 
[ Info: time: 23.667 hours, iteration: 2840, Δt: 30 seconds, max|u|: (4.61e+00, 9.73e+00, 5.51e-02) m s⁻¹, extrema(T): (31.02, -1.85) ᵒC, extrema(S): (40.43, 11.48) g/kg, extrema(e): (1.47, -90.52) J, wall time: 27.455 seconds 
[ Info: time: 23.667 hours, iteration: 2840, Δt: 30 seconds, max|u|: (2.68e+00, 2.15e+00, 1.79e-02) m s⁻¹, extrema(T): (30.54, -1.88) ᵒC, extrema(S): (37.30, 24.72) g/kg, extrema(e): (0.22, -0.00) J, wall time: 27.525 seconds 
[ Info: time: 23.833 hours, iteration: 2860, Δt: 30 seconds, max|u|: (4.83e+00, 1.07e+01, 5.49e-02) m s⁻¹, extrema(T): (31.02, -1.85) ᵒC, extrema(S): (40.43, 11.48) g/kg, extrema(e): (1.91, -10.28) J, wall time: 27.550 seconds 
[ Info: time: 23.833 hours, iteration: 2860, Δt: 30 seconds, max|u|: (2.76e+00, 2.20e+00, 1.81e-02) m s⁻¹, extrema(T): (30.56, -1.88) ᵒC, extrema(S): (37.30, 24.72) g/kg, extrema(e): (0.20, -0.00) J, wall time: 27.603 seconds 
[ Info: time: 1 day, iteration: 2880, Δt: 30 seconds, max|u|: (5.03e+00, 1.19e+01, 5.45e-02) m s⁻¹, extrema(T): (31.02, -1.85) ᵒC, extrema(S): (40.43, 11.48) g/kg, extrema(e): (3511.40, -22.99) J, wall time: 27.685 seconds 
[ Info: time: 1 day, iteration: 2880, Δt: 30 seconds, max|u|: (2.82e+00, 2.25e+00, 1.82e-02) m s⁻¹, extrema(T): (30.57, -1.88) ᵒC, extrema(S): (37.30, 24.73) g/kg, extrema(e): (0.18, -0.00) J, wall time: 27.645 seconds 
[ Info: time: 1.007 days, iteration: 2900, Δt: 30 seconds, max|u|: (5.43e+00, 1.37e+01, 5.41e-02) m s⁻¹, extrema(T): (31.01, -1.85) ᵒC, extrema(S): (40.43, 11.48) g/kg, extrema(e): (0.85, -0.13) J, wall time: 27.734 seconds 
[ Info: time: 1.007 days, iteration: 2900, Δt: 30 seconds, max|u|: (2.86e+00, 2.30e+00, 1.82e-02) m s⁻¹, extrema(T): (30.58, -1.88) ᵒC, extrema(S): (37.30, 24.73) g/kg, extrema(e): (0.18, -0.00) J, wall time: 27.672 seconds 
[ Info: time: 1.014 days, iteration: 2920, Δt: 30 seconds, max|u|: (6.34e+00, 1.68e+01, 5.36e-02) m s⁻¹, extrema(T): (31.01, -1.85) ᵒC, extrema(S): (40.43, 11.48) g/kg, extrema(e): (2.93, -36.30) J, wall time: 27.603 seconds 
[ Info: time: 1.014 days, iteration: 2920, Δt: 30 seconds, max|u|: (2.86e+00, 2.32e+00, 1.83e-02) m s⁻¹, extrema(T): (30.59, -1.88) ᵒC, extrema(S): (37.30, 24.73) g/kg, extrema(e): (0.17, -0.00) J, wall time: 27.559 seconds 
[ Info: time: 1.021 days, iteration: 2940, Δt: 30 seconds, max|u|: (7.66e+00, 2.28e+01, 5.31e-02) m s⁻¹, extrema(T): (31.01, -1.85) ᵒC, extrema(S): (40.43, 11.48) g/kg, extrema(e): (24.27, -11.71) J, wall time: 27.581 seconds 
[ Info: time: 1.021 days, iteration: 2940, Δt: 30 seconds, max|u|: (2.88e+00, 2.35e+00, 1.84e-02) m s⁻¹, extrema(T): (30.60, -1.88) ᵒC, extrema(S): (37.30, 24.73) g/kg, extrema(e): (0.16, -0.00) J, wall time: 27.601 seconds 
[ Info: time: 1.028 days, iteration: 2960, Δt: 30 seconds, max|u|: (1.36e+01, 6.25e+01, 5.26e-02) m s⁻¹, extrema(T): (31.00, -1.85) ᵒC, extrema(S): (40.43, 11.48) g/kg, extrema(e): (2.98, -107.89) J, wall time: 27.641 seconds 
[ Info: time: 1.028 days, iteration: 2960, Δt: 30 seconds, max|u|: (2.97e+00, 2.39e+00, 1.84e-02) m s⁻¹, extrema(T): (30.62, -1.88) ᵒC, extrema(S): (37.30, 24.73) g/kg, extrema(e): (13.74, -0.00) J, wall time: 27.609 seconds 
[ Info: time: 1.035 days, iteration: 2980, Δt: 30 seconds, max|u|: (NaN, NaN, NaN) m s⁻¹, extrema(T): (NaN, NaN) ᵒC, extrema(S): (NaN, NaN) g/kg, extrema(e): (NaN, NaN) J, wall time: 27.619 seconds 
[ Info: time: 1.035 days, iteration: 2980, Δt: 30 seconds, max|u|: (NaN, NaN, NaN) m s⁻¹, extrema(T): (NaN, NaN) ᵒC, extrema(S): (NaN, NaN) g/kg, extrema(e): (NaN, NaN) J, wall time: 27.699 seconds 
[ Info: time = 90000.0, iteration = 3000: NaN found in field u_ocean. Stopping simulation.
[ Info: time: 1.042 days, iteration: 3000, Δt: 30 seconds, max|u|: (NaN, NaN, NaN) m s⁻¹, extrema(T): (NaN, NaN) ᵒC, extrema(S): (NaN, NaN) g/kg, extrema(e): (NaN, NaN) J, wall time: 27.570 seconds 
[ Info: Initializing simulation...
[ Info: time = 90000.0, iteration = 3000: NaN found in field u_ocean. Stopping simulation.
[ Info: time: 1.042 days, iteration: 3000, Δt: 30 seconds, max|u|: (NaN, NaN, NaN) m s⁻¹, extrema(T): (NaN, NaN) ᵒC, extrema(S): (NaN, NaN) g/kg, extrema(e): (NaN, NaN) J, wall time: 27.494 seconds 
[ Info: Initializing simulation...
[ Info:     ... simulation initialization complete (529.333 ms)
[ Info: Executing initial time step...
[ Info:     ... simulation initialization complete (96.541 ms)
[ Info: Executing initial time step...
[ Info:     ... initial time step complete (1.341 seconds).
[ Info:     ... initial time step complete (1.343 seconds).
[ Info: time: 1.319 days, iteration: 3020, Δt: 20 minutes, max|u|: (NaN, NaN, NaN) m s⁻¹, extrema(T): (NaN, NaN) ᵒC, extrema(S): (NaN, NaN) g/kg, extrema(e): (NaN, NaN) J, wall time: 30.676 seconds 
[ Info: time: 1.319 days, iteration: 3020, Δt: 20 minutes, max|u|: (NaN, NaN, NaN) m s⁻¹, extrema(T): (NaN, NaN) ᵒC, extrema(S): (NaN, NaN) g/kg, extrema(e): (NaN, NaN) J, wall time: 30.851 seconds 
[ Info: time: 1.597 days, iteration: 3040, Δt: 20 minutes, max|u|: (NaN, NaN, NaN) m s⁻¹, extrema(T): (NaN, NaN) ᵒC, extrema(S): (NaN, NaN) g/kg, extrema(e): (NaN, NaN) J, wall time: 29.648 seconds 
[ Info: time: 1.597 days, iteration: 3040, Δt: 20 minutes, max|u|: (NaN, NaN, NaN) m s⁻¹, extrema(T): (NaN, NaN) ᵒC, extrema(S): (NaN, NaN) g/kg, extrema(e): (NaN, NaN) J, wall time: 29.568 seconds 
[ Info: time: 1.875 days, iteration: 3060, Δt: 20 minutes, max|u|: (NaN, NaN, NaN) m s⁻¹, extrema(T): (NaN, NaN) ᵒC, extrema(S): (NaN, NaN) g/kg, extrema(e): (NaN, NaN) J, wall time: 29.656 seconds 
[ Info: time: 1.875 days, iteration: 3060, Δt: 20 minutes, max|u|: (NaN, NaN, NaN) m s⁻¹, extrema(T): (NaN, NaN) ᵒC, extrema(S): (NaN, NaN) g/kg, extrema(e): (NaN, NaN) J, wall time: 29.648 seconds 
[ Info: time: 2.153 days, iteration: 3080, Δt: 20 minutes, max|u|: (NaN, NaN, NaN) m s⁻¹, extrema(T): (NaN, NaN) ᵒC, extrema(S): (NaN, NaN) g/kg, extrema(e): (NaN, NaN) J, wall time: 29.654 seconds 
[ Info: time: 2.153 days, iteration: 3080, Δt: 20 minutes, max|u|: (NaN, NaN, NaN) m s⁻¹, extrema(T): (NaN, NaN) ᵒC, extrema(S): (NaN, NaN) g/kg, extrema(e): (NaN, NaN) J, wall time: 29.651 seconds 
[ Info: time = 210000.0, iteration = 3100: NaN found in field u_ocean. Stopping simulation.
[ Info: time: 2.431 days, iteration: 3100, Δt: 20 minutes, max|u|: (NaN, NaN, NaN) m s⁻¹, extrema(T): (NaN, NaN) ᵒC, extrema(S): (NaN, NaN) g/kg, extrema(e): (NaN, NaN) J, wall time: 31.244 seconds 
[ Info: time = 210000.0, iteration = 3100: NaN found in field u_ocean. Stopping simulation.
[ Info: time: 2.431 days, iteration: 3100, Δt: 20 minutes, max|u|: (NaN, NaN, NaN) m s⁻¹, extrema(T): (NaN, NaN) ᵒC, extrema(S): (NaN, NaN) g/kg, extrema(e): (NaN, NaN) J, wall time: 31.278 seconds 
