206.877687 seconds (141.12 M allocations: 13.055 GiB, 14.10% gc time, 55.56% compilation time: <1% of which was recompilation)
 36.709452 seconds (4.50 M allocations: 1.048 GiB, 87.33% gc time, 10.25% compilation time)
268.545340 seconds (67.75 M allocations: 4.652 GiB, 14.02% gc time, 82.42% compilation time)
coupled_model.interfaces.atmosphere_ocean_interface.properties.temperature_formulation = BulkTemperature()
 31.198890 seconds (13.61 M allocations: 378.978 MiB, 0.26% gc time, 24.11% compilation time)
 30.952466 seconds (13.03 M allocations: 342.386 MiB, 0.32% gc time, 23.18% compilation time)
 31.365791 seconds (13.12 M allocations: 348.394 MiB, 0.23% gc time, 24.12% compilation time)
 31.043625 seconds (12.92 M allocations: 316.264 MiB, 0.37% gc time, 22.96% compilation time)
 30.872157 seconds (12.90 M allocations: 314.919 MiB, 0.10% gc time, 22.88% compilation time)
 31.196552 seconds (12.88 M allocations: 313.723 MiB, 0.37% gc time, 23.81% compilation time)
 29.329192 seconds (12.76 M allocations: 306.329 MiB, 0.23% gc time, 18.85% compilation time)
 29.573103 seconds (12.76 M allocations: 306.343 MiB, 0.25% gc time, 18.83% compilation time)
 29.578166 seconds (12.76 M allocations: 305.737 MiB, 0.19% gc time, 19.47% compilation time)
 25.436457 seconds (17.74 M allocations: 808.295 MiB, 0.73% gc time, 24.90% compilation time)
 23.639100 seconds (14.76 M allocations: 616.708 MiB, 0.46% gc time, 17.40% compilation time)
 23.188272 seconds (14.18 M allocations: 575.723 MiB, 0.69% gc time, 17.57% compilation time)
 22.564163 seconds (13.67 M allocations: 512.299 MiB, 0.91% gc time, 17.41% compilation time)
 22.411706 seconds (12.13 M allocations: 411.907 MiB, 2.81% gc time, 12.35% compilation time)
 18.287510 seconds (9.73 M allocations: 240.053 MiB, 0.23% gc time, 2.64% compilation time)
 17.684860 seconds (9.61 M allocations: 232.180 MiB, 0.23% gc time, 1.08% compilation time)
 17.677317 seconds (9.61 M allocations: 232.474 MiB, 0.25% gc time, 1.02% compilation time)
 17.798605 seconds (9.57 M allocations: 229.122 MiB, 0.42% gc time, 0.99% compilation time)
