┌ Error: JULIA_CUDA_USE_BINARYBUILDER is deprecated. Call `CUDA.jl.set_runtime_version!` to use a local toolkit.
└ @ CUDA /g/data/e14/txs156/.julia/packages/CUDA/ja0IX/src/initialization.jl:200
┌ Error: JULIA_CUDA_USE_BINARYBUILDER is deprecated. Call `CUDA.jl.set_runtime_version!` to use a local toolkit.
└ @ CUDA /g/data/e14/txs156/.julia/packages/CUDA/ja0IX/src/initialization.jl:200
┌ Error: JULIA_CUDA_USE_BINARYBUILDER is deprecated. Call `CUDA.jl.set_runtime_version!` to use a local toolkit.
└ @ CUDA /g/data/e14/txs156/.julia/packages/CUDA/ja0IX/src/initialization.jl:200
[LOG_CAT_BASESMUMA] Failed to create rcache for KNEM device
[LOG_CAT_BASESMUMA] Failed to create rcache for KNEM device
[LOG_CAT_BASESMUMA] Failed to create rcache for KNEM device
[ Info: Used Memory: 2.85 %; rank: 0
┌ Info: Using architecture: Distributed{GPU{CUDABackend}} across 3 = 1×3×1 ranks:
│ ├── local_rank: 0 of 0-2
│ ├── local_index: [1, 1, 1]
└ └── connectivity: north=1 south=2
[ Info: Used Memory: 0.95 %; rank: 2
[ Info: Used Memory: 0.95 %; rank: 1
┌ Info: Using architecture: Distributed{GPU{CUDABackend}} across 3 = 1×3×1 ranks:
│ ├── local_rank: 2 of 0-2
│ ├── local_index: [1, 3, 1]
└ └── connectivity: north=0 south=1
┌ Info: Using architecture: Distributed{GPU{CUDABackend}} across 3 = 1×3×1 ranks:
│ ├── local_rank: 1 of 0-2
│ ├── local_index: [1, 2, 1]
└ └── connectivity: north=2 south=0
[ Info: Downloading/checking input data
[ Info: We download the 1990-1991 data for an RYF implementation
[ Info: Downloading/checking input data
[ Info: Downloading/checking input data
[ Info: We download the 1990-1991 data for an RYF implementation
[ Info: We download the 1990-1991 data for an RYF implementation
[ Info: Defining grid
[ Info: Defining grid
[ Info: Defining grid
[ Info: Defining vertical z faces
[ Info: Defining vertical z faces
[ Info: Defining vertical z faces
[ Info: Defining tripolar grid
[ Info: Defining tripolar grid
[ Info: Defining tripolar grid
[ Info: underlying grid - Used Memory: 1.45 %; rank: 2
[ Info: underlying grid - Used Memory: 1.45 %; rank: 1
[ Info: underlying grid - Used Memory: 3.35 %; rank: 0
[ Info: Defining bottom bathymetry
[ Info: Defining bottom bathymetry
[ Info: Defining bottom bathymetry
[ Info: Interpolation passes of bathymetry size (21600, 10800, 1) onto a TripolarGrid target grid of size (2160, 1080, 75):
[ Info:     pass 1 to size (2160, 1080, 1)
[ Info: Botom height - Used Memory: 3.49 %; rank: 0
[ Info: Defining grid
[ Info: Botom height - Used Memory: 1.62 %; rank: 1
[ Info: Botom height - Used Memory: 1.92 %; rank: 2
[ Info: Defining grid
[ Info: Defining grid
[ Info: Grid - Used Memory: 2.12 %; rank: 2
[ Info: Defining restoring rate
[ Info: Grid - Used Memory: 2.56 %; rank: 1
[ Info: Defining restoring rate
[ Info: Grid - Used Memory: 4.51 %; rank: 0
[ Info: Defining restoring rate
[ Info: Defining closures
[ Info: Defining closures
[ Info: Defining closures
[ Info: Defining ocean simulation
[ Info: Defining ocean simulation
[ Info: Defining ocean simulation
[ Info: Ocean - Used Memory: 52.7 %; rank: 0
[ Info: Ocean - Used Memory: 52.91 %; rank: 1
[ Info: Initialising with EN4
[ Info: Initialising with EN4
[ Info: Ocean - Used Memory: 49.84 %; rank: 2
[ Info: Initialising with EN4
[ Info: Defining Atmospheric state
[ Info: Defining Atmospheric state
[ Info: Defining Atmospheric state
[ Info: Radiation - Used Memory: 52.94 %; rank: 1
[ Info: Radiation - Used Memory: 49.91 %; rank: 2
[ Info: Radiation - Used Memory: 52.74 %; rank: 0
[ Info: Atmos - Used Memory: 50.8 %; rank: 2
[ Info: Defining coupled model
[ Info: Atmos - Used Memory: 53.8 %; rank: 1
[ Info: Defining coupled model
[ Info: Atmos - Used Memory: 53.72 %; rank: 0
[ Info: Defining coupled model
[ Info: Coupled model - Used Memory: 54.26 %; rank: 1
[ Info: Coupled model - Used Memory: 54.05 %; rank: 0
[ Info: Coupled model - Used Memory: 51.19 %; rank: 2
[ Info: Defining messenger
[ Info: Defining messenger
[ Info: Defining messenger
[ Info: Defining surface outputs
[ Info: Defining surface outputs
[ Info: Defining surface outputs
[ Info: Defining condition masks
[ Info: Defining condition masks
[ Info: Defining condition masks
[ Info: Tracers
[ Info: Tracers
[ Info: Tracers
[ Info: Merging tracer tuples
[ Info: Velocities
[ Info: Merging tracer tuples
[ Info: Merging tracer tuples
[ Info: Velocities
[ Info: Velocities
[ Info: Merging velocity tuples
[ Info: Defining output writers
[ Info: Merging velocity tuples
[ Info: Merging velocity tuples
[ Info: Defining output writers
[ Info: Defining output writers
[ Info: Saving restart
[ Info: Saving restart
[ Info: Running simulation
[ Info: Running simulation
[ Info: Saving restart
[ Info: Running simulation
[ Info: Initializing simulation...
[ Info: Initializing simulation...
[ Info: Initializing simulation...
[ Info: time: 0 seconds, iteration: 0, Δt: 30 seconds, max|u|: (0.00e+00, 0.00e+00, -Inf) m s⁻¹, extrema(T): (31.26, -1.88) ᵒC, extrema(S): (-Inf, Inf) g/kg, extrema(e): (-Inf, Inf) J, wall time: 1.558 hours 
[ Info: time: 0 seconds, iteration: 0, Δt: 30 seconds, max|u|: (-Inf, -Inf, 0.00e+00) m s⁻¹, extrema(T): (31.26, -1.88) ᵒC, extrema(S): (-Inf, 25.37) g/kg, extrema(e): (0.00, 0.00) J, wall time: 1.558 hours 
[ Info: time: 0 seconds, iteration: 0, Δt: 30 seconds, max|u|: (-Inf, -Inf, -Inf) m s⁻¹, extrema(T): (31.26, -1.88) ᵒC, extrema(S): (40.46, Inf) g/kg, extrema(e): (-Inf, Inf) J, wall time: 1.558 hours 
[ Info: Saving checkpoint file
[ Info: Saving checkpoint file
[ Info: Saving checkpoint file
[ Info:     ... simulation initialization complete (6.941 minutes)
[ Info: Executing initial time step...
[ Info:     ... simulation initialization complete (6.947 minutes)
[ Info: Executing initial time step...
[ Info:     ... simulation initialization complete (6.983 minutes)
[ Info: Executing initial time step...
[ Info:     ... initial time step complete (2.670 minutes).
[ Info:     ... initial time step complete (2.671 minutes).
[ Info:     ... initial time step complete (2.636 minutes).
[ Info: time: 1 day, iteration: 2880, Δt: 30 seconds, max|u|: (-Inf, -Inf, 1.83e-01) m s⁻¹, extrema(T): (25.21, Inf) ᵒC, extrema(S): (40.42, 13.34) g/kg, extrema(e): (-Inf, Inf) J, wall time: 27.791 minutes 
[ Info: time: 1 day, iteration: 2880, Δt: 30 seconds, max|u|: (3.43e+00, 5.40e+00, -Inf) m s⁻¹, extrema(T): (31.03, Inf) ᵒC, extrema(S): (-Inf, Inf) g/kg, extrema(e): (1.29, -0.80) J, wall time: 27.791 minutes 
[ Info: time: 1 day, iteration: 2880, Δt: 30 seconds, max|u|: (-Inf, -Inf, -Inf) m s⁻¹, extrema(T): (27.76, -1.88) ᵒC, extrema(S): (-Inf, Inf) g/kg, extrema(e): (-Inf, Inf) J, wall time: 27.791 minutes 
[ Info: time: 2 days, iteration: 5760, Δt: 30 seconds, max|u|: (3.99e+00, 3.33e+00, -Inf) m s⁻¹, extrema(T): (31.13, Inf) ᵒC, extrema(S): (-Inf, Inf) g/kg, extrema(e): (2.73, -0.12) J, wall time: 23.565 minutes 
[ Info: time: 2 days, iteration: 5760, Δt: 30 seconds, max|u|: (-Inf, -Inf, 4.42e-02) m s⁻¹, extrema(T): (25.09, Inf) ᵒC, extrema(S): (40.41, 13.65) g/kg, extrema(e): (-Inf, Inf) J, wall time: 23.565 minutes 
[ Info: time: 2 days, iteration: 5760, Δt: 30 seconds, max|u|: (-Inf, -Inf, -Inf) m s⁻¹, extrema(T): (27.76, -1.88) ᵒC, extrema(S): (-Inf, Inf) g/kg, extrema(e): (-Inf, Inf) J, wall time: 23.565 minutes 
[ Info: time: 3 days, iteration: 8640, Δt: 30 seconds, max|u|: (-Inf, -Inf, 3.33e-02) m s⁻¹, extrema(T): (25.07, Inf) ᵒC, extrema(S): (40.43, 13.89) g/kg, extrema(e): (-Inf, Inf) J, wall time: 23.574 minutes 
[ Info: time: 3 days, iteration: 8640, Δt: 30 seconds, max|u|: (3.25e+00, 3.37e+00, -Inf) m s⁻¹, extrema(T): (31.45, Inf) ᵒC, extrema(S): (-Inf, Inf) g/kg, extrema(e): (2.15, -0.00) J, wall time: 23.574 minutes 
[ Info: time: 3 days, iteration: 8640, Δt: 30 seconds, max|u|: (-Inf, -Inf, -Inf) m s⁻¹, extrema(T): (28.03, -1.88) ᵒC, extrema(S): (-Inf, Inf) g/kg, extrema(e): (-Inf, Inf) J, wall time: 23.574 minutes 
[ Info: time: 4 days, iteration: 11520, Δt: 30 seconds, max|u|: (4.13e+00, 2.20e+00, 2.60e-02) m s⁻¹, extrema(T): (31.72, Inf) ᵒC, extrema(S): (40.68, 26.40) g/kg, extrema(e): (3.02, -0.78) J, wall time: 23.630 minutes 
[ Info: time: 4 days, iteration: 11520, Δt: 30 seconds, max|u|: (-Inf, 2.15e+00, -Inf) m s⁻¹, extrema(T): (28.17, -1.88) ᵒC, extrema(S): (-Inf, Inf) g/kg, extrema(e): (-Inf, -0.00) J, wall time: 23.630 minutes 
[ Info: time: 4 days, iteration: 11520, Δt: 30 seconds, max|u|: (-Inf, 2.87e+00, -Inf) m s⁻¹, extrema(T): (25.28, Inf) ᵒC, extrema(S): (40.44, 13.99) g/kg, extrema(e): (-Inf, Inf) J, wall time: 23.630 minutes 
[ Info: time: 5 days, iteration: 14400, Δt: 30 seconds, max|u|: (4.26e+00, 4.00e+00, 2.47e-02) m s⁻¹, extrema(T): (-Inf, Inf) ᵒC, extrema(S): (-Inf, Inf) g/kg, extrema(e): (4.29, -0.02) J, wall time: 23.538 minutes 
[ Info: time: 5 days, iteration: 14400, Δt: 30 seconds, max|u|: (-Inf, 2.46e+00, 2.23e-02) m s⁻¹, extrema(T): (28.30, Inf) ᵒC, extrema(S): (-Inf, Inf) g/kg, extrema(e): (-Inf, Inf) J, wall time: 23.538 minutes 
[ Info: time: 5 days, iteration: 14400, Δt: 30 seconds, max|u|: (-Inf, 3.63e+00, 1.58e-02) m s⁻¹, extrema(T): (-Inf, -1.87) ᵒC, extrema(S): (40.45, 14.23) g/kg, extrema(e): (-Inf, Inf) J, wall time: 23.538 minutes 
[ Info: time: 6 days, iteration: 17280, Δt: 30 seconds, max|u|: (-Inf, -Inf, -Inf) m s⁻¹, extrema(T): (28.47, -1.88) ᵒC, extrema(S): (-Inf, Inf) g/kg, extrema(e): (-Inf, Inf) J, wall time: 23.542 minutes 
[ Info: time: 6 days, iteration: 17280, Δt: 30 seconds, max|u|: (3.47e+00, 2.93e+00, -Inf) m s⁻¹, extrema(T): (31.62, Inf) ᵒC, extrema(S): (-Inf, Inf) g/kg, extrema(e): (8.48, -0.00) J, wall time: 23.542 minutes 
[ Info: time: 6 days, iteration: 17280, Δt: 30 seconds, max|u|: (-Inf, -Inf, 1.47e-02) m s⁻¹, extrema(T): (25.30, Inf) ᵒC, extrema(S): (40.46, 14.93) g/kg, extrema(e): (0.78, Inf) J, wall time: 23.542 minutes 
[ Info: time: 7 days, iteration: 20160, Δt: 30 seconds, max|u|: (3.04e+00, 2.73e+00, -Inf) m s⁻¹, extrema(T): (31.79, Inf) ᵒC, extrema(S): (-Inf, 26.72) g/kg, extrema(e): (6.50, -0.00) J, wall time: 23.577 minutes 
[ Info: time: 7 days, iteration: 20160, Δt: 30 seconds, max|u|: (-Inf, -Inf, -Inf) m s⁻¹, extrema(T): (28.61, -1.88) ᵒC, extrema(S): (-Inf, Inf) g/kg, extrema(e): (-Inf, Inf) J, wall time: 23.577 minutes 
[ Info: time: 7 days, iteration: 20160, Δt: 30 seconds, max|u|: (-Inf, -Inf, 1.54e-02) m s⁻¹, extrema(T): (25.30, Inf) ᵒC, extrema(S): (40.45, 15.28) g/kg, extrema(e): (17.91, Inf) J, wall time: 23.577 minutes 
[ Info: time: 8 days, iteration: 23040, Δt: 30 seconds, max|u|: (-Inf, -Inf, -Inf) m s⁻¹, extrema(T): (28.65, -1.88) ᵒC, extrema(S): (-Inf, Inf) g/kg, extrema(e): (-Inf, Inf) J, wall time: 23.504 minutes 
[ Info: time: 8 days, iteration: 23040, Δt: 30 seconds, max|u|: (2.97e+00, 3.02e+00, -Inf) m s⁻¹, extrema(T): (32.11, Inf) ᵒC, extrema(S): (-Inf, Inf) g/kg, extrema(e): (6.21, -0.07) J, wall time: 23.504 minutes 
[ Info: time: 8 days, iteration: 23040, Δt: 30 seconds, max|u|: (-Inf, -Inf, 1.15e-02) m s⁻¹, extrema(T): (25.33, Inf) ᵒC, extrema(S): (40.47, 15.29) g/kg, extrema(e): (-Inf, Inf) J, wall time: 23.504 minutes 
[ Info: time: 9 days, iteration: 25920, Δt: 30 seconds, max|u|: (3.42e+00, 3.28e+00, 2.03e-02) m s⁻¹, extrema(T): (32.00, Inf) ᵒC, extrema(S): (-Inf, Inf) g/kg, extrema(e): (8.22, -0.03) J, wall time: 23.512 minutes 
[ Info: time: 9 days, iteration: 25920, Δt: 30 seconds, max|u|: (-Inf, -Inf, -Inf) m s⁻¹, extrema(T): (28.66, -1.88) ᵒC, extrema(S): (-Inf, Inf) g/kg, extrema(e): (-Inf, Inf) J, wall time: 23.512 minutes 
[ Info: time: 9 days, iteration: 25920, Δt: 30 seconds, max|u|: (-Inf, -Inf, 1.15e-02) m s⁻¹, extrema(T): (25.39, Inf) ᵒC, extrema(S): (40.46, 15.29) g/kg, extrema(e): (-Inf, Inf) J, wall time: 23.512 minutes 
[ Info: time: 10 days, iteration: 28800, Δt: 30 seconds, max|u|: (-Inf, -Inf, -Inf) m s⁻¹, extrema(T): (28.83, Inf) ᵒC, extrema(S): (-Inf, Inf) g/kg, extrema(e): (-Inf, Inf) J, wall time: 23.548 minutes 
[ Info: time: 10 days, iteration: 28800, Δt: 30 seconds, max|u|: (2.58e+00, 3.93e+00, 1.91e-02) m s⁻¹, extrema(T): (-Inf, Inf) ᵒC, extrema(S): (-Inf, Inf) g/kg, extrema(e): (5.59, -0.00) J, wall time: 23.548 minutes 
[ Info: time: 10 days, iteration: 28800, Δt: 30 seconds, max|u|: (-Inf, 4.16e+00, 1.16e-02) m s⁻¹, extrema(T): (-Inf, -1.90) ᵒC, extrema(S): (40.48, 15.30) g/kg, extrema(e): (-Inf, Inf) J, wall time: 23.548 minutes 
[ Info: time: 11 days, iteration: 31680, Δt: 30 seconds, max|u|: (2.58e+00, 3.49e+00, 2.45e-02) m s⁻¹, extrema(T): (32.32, Inf) ᵒC, extrema(S): (-Inf, 27.03) g/kg, extrema(e): (4.98, -4.15) J, wall time: 23.555 minutes 
[ Info: time: 11 days, iteration: 31680, Δt: 30 seconds, max|u|: (-Inf, -Inf, -Inf) m s⁻¹, extrema(T): (29.34, -1.88) ᵒC, extrema(S): (-Inf, Inf) g/kg, extrema(e): (-Inf, Inf) J, wall time: 23.555 minutes 
[ Info: time: 11 days, iteration: 31680, Δt: 30 seconds, max|u|: (-Inf, -Inf, 1.13e-02) m s⁻¹, extrema(T): (25.47, Inf) ᵒC, extrema(S): (40.48, 15.31) g/kg, extrema(e): (-Inf, Inf) J, wall time: 23.555 minutes 
[ Info: time: 12 days, iteration: 34560, Δt: 30 seconds, max|u|: (-Inf, -Inf, -Inf) m s⁻¹, extrema(T): (29.55, -1.88) ᵒC, extrema(S): (-Inf, Inf) g/kg, extrema(e): (-Inf, Inf) J, wall time: 23.571 minutes 
[ Info: time: 12 days, iteration: 34560, Δt: 30 seconds, max|u|: (2.58e+00, 3.90e+00, 2.16e-02) m s⁻¹, extrema(T): (32.62, Inf) ᵒC, extrema(S): (-Inf, 27.04) g/kg, extrema(e): (3.10, -0.21) J, wall time: 23.571 minutes 
[ Info: time: 12 days, iteration: 34560, Δt: 30 seconds, max|u|: (-Inf, -Inf, 1.04e-02) m s⁻¹, extrema(T): (25.60, Inf) ᵒC, extrema(S): (40.48, 15.33) g/kg, extrema(e): (-Inf, Inf) J, wall time: 23.571 minutes 
[ Info: time: 13 days, iteration: 37440, Δt: 30 seconds, max|u|: (2.66e+00, 3.83e+00, -Inf) m s⁻¹, extrema(T): (32.71, Inf) ᵒC, extrema(S): (-Inf, Inf) g/kg, extrema(e): (2.40, -1.43) J, wall time: 23.609 minutes 
[ Info: time: 13 days, iteration: 37440, Δt: 30 seconds, max|u|: (-Inf, -Inf, 1.30e-02) m s⁻¹, extrema(T): (29.69, -1.88) ᵒC, extrema(S): (-Inf, Inf) g/kg, extrema(e): (-Inf, Inf) J, wall time: 23.609 minutes 
[ Info: time: 13 days, iteration: 37440, Δt: 30 seconds, max|u|: (-Inf, -Inf, -Inf) m s⁻¹, extrema(T): (25.55, Inf) ᵒC, extrema(S): (40.45, 15.34) g/kg, extrema(e): (0.28, Inf) J, wall time: 23.609 minutes 
[ Info: time: 14 days, iteration: 40320, Δt: 30 seconds, max|u|: (-Inf, -Inf, -Inf) m s⁻¹, extrema(T): (29.82, -1.88) ᵒC, extrema(S): (-Inf, Inf) g/kg, extrema(e): (-Inf, Inf) J, wall time: 23.582 minutes 
[ Info: time: 14 days, iteration: 40320, Δt: 30 seconds, max|u|: (2.70e+00, 4.23e+00, -Inf) m s⁻¹, extrema(T): (32.84, Inf) ᵒC, extrema(S): (-Inf, Inf) g/kg, extrema(e): (2.84, -0.00) J, wall time: 23.582 minutes 
[ Info: time: 14 days, iteration: 40320, Δt: 30 seconds, max|u|: (2.03e+00, -Inf, 9.89e-03) m s⁻¹, extrema(T): (25.49, Inf) ᵒC, extrema(S): (40.43, 15.35) g/kg, extrema(e): (-Inf, Inf) J, wall time: 23.582 minutes 
[ Info: time: 15 days, iteration: 43200, Δt: 30 seconds, max|u|: (2.78e+00, 4.33e+00, 1.99e-02) m s⁻¹, extrema(T): (-Inf, Inf) ᵒC, extrema(S): (-Inf, 27.10) g/kg, extrema(e): (3.33, -9.26) J, wall time: 23.608 minutes 
[ Info: time: 15 days, iteration: 43200, Δt: 30 seconds, max|u|: (-Inf, -Inf, -Inf) m s⁻¹, extrema(T): (29.79, Inf) ᵒC, extrema(S): (-Inf, Inf) g/kg, extrema(e): (-Inf, Inf) J, wall time: 23.608 minutes 
[ Info: time: 15 days, iteration: 43200, Δt: 30 seconds, max|u|: (-Inf, 3.40e+00, 9.86e-03) m s⁻¹, extrema(T): (-Inf, -1.91) ᵒC, extrema(S): (40.41, 15.36) g/kg, extrema(e): (-Inf, Inf) J, wall time: 23.608 minutes 
[ Info: time: 16 days, iteration: 46080, Δt: 30 seconds, max|u|: (-Inf, -Inf, -Inf) m s⁻¹, extrema(T): (29.87, -1.88) ᵒC, extrema(S): (-Inf, Inf) g/kg, extrema(e): (-Inf, Inf) J, wall time: 23.666 minutes 
[ Info: time: 16 days, iteration: 46080, Δt: 30 seconds, max|u|: (2.68e+00, 3.74e+00, 1.47e-02) m s⁻¹, extrema(T): (33.28, Inf) ᵒC, extrema(S): (-Inf, Inf) g/kg, extrema(e): (2.98, -0.05) J, wall time: 23.666 minutes 
[ Info: time: 16 days, iteration: 46080, Δt: 30 seconds, max|u|: (-Inf, -Inf, 9.61e-03) m s⁻¹, extrema(T): (25.90, Inf) ᵒC, extrema(S): (40.39, 15.39) g/kg, extrema(e): (-Inf, Inf) J, wall time: 23.666 minutes 
[ Info: time: 17 days, iteration: 48960, Δt: 30 seconds, max|u|: (2.66e+00, 3.66e+00, 1.34e-02) m s⁻¹, extrema(T): (33.42, Inf) ᵒC, extrema(S): (-Inf, Inf) g/kg, extrema(e): (2.43, -0.35) J, wall time: 23.624 minutes 
[ Info: time: 17 days, iteration: 48960, Δt: 30 seconds, max|u|: (-Inf, -Inf, -Inf) m s⁻¹, extrema(T): (30.22, -1.88) ᵒC, extrema(S): (-Inf, Inf) g/kg, extrema(e): (-Inf, Inf) J, wall time: 23.624 minutes 
[ Info: time: 17 days, iteration: 48960, Δt: 30 seconds, max|u|: (-Inf, -Inf, 1.02e-02) m s⁻¹, extrema(T): (25.96, Inf) ᵒC, extrema(S): (40.38, 15.41) g/kg, extrema(e): (-Inf, -3.98) J, wall time: 23.624 minutes 
[ Info: time: 18 days, iteration: 51840, Δt: 30 seconds, max|u|: (-Inf, -Inf, 1.60e-02) m s⁻¹, extrema(T): (30.43, -1.88) ᵒC, extrema(S): (-Inf, Inf) g/kg, extrema(e): (-Inf, Inf) J, wall time: 23.633 minutes 
[ Info: time: 18 days, iteration: 51840, Δt: 30 seconds, max|u|: (2.70e+00, 3.39e+00, 1.38e-02) m s⁻¹, extrema(T): (33.59, Inf) ᵒC, extrema(S): (-Inf, 27.15) g/kg, extrema(e): (2.87, -0.01) J, wall time: 23.633 minutes 
[ Info: time: 18 days, iteration: 51840, Δt: 30 seconds, max|u|: (-Inf, -Inf, 1.00e-02) m s⁻¹, extrema(T): (26.10, Inf) ᵒC, extrema(S): (40.37, 15.44) g/kg, extrema(e): (-Inf, Inf) J, wall time: 23.633 minutes 
[ Info: time: 19 days, iteration: 54720, Δt: 30 seconds, max|u|: (2.44e+00, 3.25e+00, -Inf) m s⁻¹, extrema(T): (33.56, Inf) ᵒC, extrema(S): (-Inf, Inf) g/kg, extrema(e): (3.63, -0.24) J, wall time: 23.673 minutes 
[ Info: time: 19 days, iteration: 54720, Δt: 30 seconds, max|u|: (-Inf, -Inf, -Inf) m s⁻¹, extrema(T): (30.59, -1.88) ᵒC, extrema(S): (-Inf, Inf) g/kg, extrema(e): (-Inf, -0.00) J, wall time: 23.673 minutes 
[ Info: time: 19 days, iteration: 54720, Δt: 30 seconds, max|u|: (2.85e+00, -Inf, 1.01e-02) m s⁻¹, extrema(T): (26.17, Inf) ᵒC, extrema(S): (40.37, 15.47) g/kg, extrema(e): (-Inf, Inf) J, wall time: 23.673 minutes 
[ Info: time: 20 days, iteration: 57600, Δt: 30 seconds, max|u|: (-Inf, -Inf, -Inf) m s⁻¹, extrema(T): (30.41, Inf) ᵒC, extrema(S): (-Inf, Inf) g/kg, extrema(e): (-Inf, Inf) J, wall time: 23.636 minutes 
[ Info: time: 20 days, iteration: 57600, Δt: 30 seconds, max|u|: (2.59e+00, 3.97e+00, 1.32e-02) m s⁻¹, extrema(T): (-Inf, Inf) ᵒC, extrema(S): (-Inf, 27.15) g/kg, extrema(e): (4.05, -2.41) J, wall time: 23.636 minutes 
[ Info: time: 20 days, iteration: 57600, Δt: 30 seconds, max|u|: (-Inf, 5.11e+00, -Inf) m s⁻¹, extrema(T): (-Inf, -1.91) ᵒC, extrema(S): (40.36, 15.49) g/kg, extrema(e): (-Inf, Inf) J, wall time: 23.636 minutes 
[ Info: time: 21 days, iteration: 60480, Δt: 30 seconds, max|u|: (2.33e+00, 4.06e+00, 1.24e-02) m s⁻¹, extrema(T): (33.79, Inf) ᵒC, extrema(S): (-Inf, 27.16) g/kg, extrema(e): (3.47, -0.75) J, wall time: 23.635 minutes 
[ Info: time: 21 days, iteration: 60480, Δt: 30 seconds, max|u|: (-Inf, -Inf, -Inf) m s⁻¹, extrema(T): (30.33, -1.88) ᵒC, extrema(S): (-Inf, Inf) g/kg, extrema(e): (-Inf, Inf) J, wall time: 23.635 minutes 
[ Info: time: 21 days, iteration: 60480, Δt: 30 seconds, max|u|: (-Inf, -Inf, -Inf) m s⁻¹, extrema(T): (26.24, Inf) ᵒC, extrema(S): (40.34, 15.51) g/kg, extrema(e): (-Inf, Inf) J, wall time: 23.635 minutes 
[ Info: time: 22 days, iteration: 63360, Δt: 30 seconds, max|u|: (-Inf, -Inf, -Inf) m s⁻¹, extrema(T): (30.54, -1.88) ᵒC, extrema(S): (-Inf, Inf) g/kg, extrema(e): (-Inf, Inf) J, wall time: 23.701 minutes 
[ Info: time: 22 days, iteration: 63360, Δt: 30 seconds, max|u|: (2.25e+00, 4.00e+00, 1.16e-02) m s⁻¹, extrema(T): (33.66, Inf) ᵒC, extrema(S): (-Inf, Inf) g/kg, extrema(e): (3.22, -5.06) J, wall time: 23.701 minutes 
[ Info: time: 22 days, iteration: 63360, Δt: 30 seconds, max|u|: (-Inf, -Inf, 9.17e-03) m s⁻¹, extrema(T): (26.37, Inf) ᵒC, extrema(S): (40.34, 15.51) g/kg, extrema(e): (-Inf, Inf) J, wall time: 23.701 minutes 
[ Info: time: 23 days, iteration: 66240, Δt: 30 seconds, max|u|: (2.31e+00, 4.00e+00, -Inf) m s⁻¹, extrema(T): (33.81, Inf) ᵒC, extrema(S): (-Inf, Inf) g/kg, extrema(e): (3.45, -0.76) J, wall time: 23.703 minutes 
[ Info: time: 23 days, iteration: 66240, Δt: 30 seconds, max|u|: (-Inf, -Inf, -Inf) m s⁻¹, extrema(T): (30.70, -1.88) ᵒC, extrema(S): (-Inf, Inf) g/kg, extrema(e): (-Inf, Inf) J, wall time: 23.703 minutes 
[ Info: time: 23 days, iteration: 66240, Δt: 30 seconds, max|u|: (-Inf, -Inf, 9.06e-03) m s⁻¹, extrema(T): (26.54, Inf) ᵒC, extrema(S): (40.34, 15.54) g/kg, extrema(e): (1.21, Inf) J, wall time: 23.703 minutes 
[ Info: time: 24 days, iteration: 69120, Δt: 30 seconds, max|u|: (-Inf, -Inf, -Inf) m s⁻¹, extrema(T): (30.88, -1.88) ᵒC, extrema(S): (-Inf, 30.69) g/kg, extrema(e): (-Inf, Inf) J, wall time: 23.726 minutes 
[ Info: time: 24 days, iteration: 69120, Δt: 30 seconds, max|u|: (2.46e+00, 4.20e+00, 1.12e-02) m s⁻¹, extrema(T): (34.08, Inf) ᵒC, extrema(S): (-Inf, Inf) g/kg, extrema(e): (10.24, -0.00) J, wall time: 23.726 minutes 
[ Info: time: 24 days, iteration: 69120, Δt: 30 seconds, max|u|: (-Inf, -Inf, 9.23e-03) m s⁻¹, extrema(T): (26.59, Inf) ᵒC, extrema(S): (40.35, 15.56) g/kg, extrema(e): (-Inf, Inf) J, wall time: 23.726 minutes 
[ Info: time: 25 days, iteration: 72000, Δt: 30 seconds, max|u|: (1.18e+02, 1.37e+02, 2.73e-01) m s⁻¹, extrema(T): (-Inf, Inf) ᵒC, extrema(S): (-Inf, 27.30) g/kg, extrema(e): (2094.90, -0.02) J, wall time: 23.772 minutes 
[ Info: time: 25 days, iteration: 72000, Δt: 30 seconds, max|u|: (-Inf, -Inf, -Inf) m s⁻¹, extrema(T): (30.92, Inf) ᵒC, extrema(S): (-Inf, Inf) g/kg, extrema(e): (-Inf, Inf) J, wall time: 23.772 minutes 
[ Info: time: 25 days, iteration: 72000, Δt: 30 seconds, max|u|: (-Inf, 4.34e+00, 9.33e-03) m s⁻¹, extrema(T): (-Inf, -1.91) ᵒC, extrema(S): (40.35, 15.56) g/kg, extrema(e): (-Inf, Inf) J, wall time: 23.772 minutes 
[ Info: time = 2.193e6, iteration = 73100: NaN found in field u_ocean. Stopping simulation.
[ Info: Initializing simulation...
[ Info: time = 2.193e6, iteration = 73100: NaN found in field u_ocean. Stopping simulation.
[ Info: Initializing simulation...
[ Info: time = 2.193e6, iteration = 73100: NaN found in field u_ocean. Stopping simulation.
[ Info: Initializing simulation...
[ Info:     ... simulation initialization complete (96.571 ms)
[ Info: Executing initial time step...
[ Info:     ... simulation initialization complete (80.402 ms)
[ Info: Executing initial time step...
[ Info:     ... simulation initialization complete (229.125 ms)
[ Info: Executing initial time step...
[ Info:     ... initial time step complete (501.690 ms).
[ Info:     ... initial time step complete (501.819 ms).
[ Info:     ... initial time step complete (501.975 ms).
[ Info: time = 2.253e6, iteration = 73200: NaN found in field u_ocean. Stopping simulation.
[ Info: time = 2.253e6, iteration = 73200: NaN found in field u_ocean. Stopping simulation.
[ Info: time = 2.253e6, iteration = 73200: NaN found in field u_ocean. Stopping simulation.
