┌ Error: JULIA_CUDA_USE_BINARYBUILDER is deprecated. Call `CUDA.jl.set_runtime_version!` to use a local toolkit.
└ @ CUDA /g/data/e14/txs156/.julia/packages/CUDA/ja0IX/src/initialization.jl:200
┌ Error: JULIA_CUDA_USE_BINARYBUILDER is deprecated. Call `CUDA.jl.set_runtime_version!` to use a local toolkit.
└ @ CUDA /g/data/e14/txs156/.julia/packages/CUDA/ja0IX/src/initialization.jl:200
┌ Error: JULIA_CUDA_USE_BINARYBUILDER is deprecated. Call `CUDA.jl.set_runtime_version!` to use a local toolkit.
└ @ CUDA /g/data/e14/txs156/.julia/packages/CUDA/ja0IX/src/initialization.jl:200
[LOG_CAT_BASESMUMA] Failed to create rcache for KNEM device
[LOG_CAT_BASESMUMA] Failed to create rcache for KNEM device
[LOG_CAT_BASESMUMA] Failed to create rcache for KNEM device
┌ Info: Using architecture: Distributed{GPU{CUDABackend}} across 3 = 1×3×1 ranks:
│ ├── local_rank: 2 of 0-2
│ ├── local_index: [1, 3, 1]
└ └── connectivity: north=0 south=1
┌ Info: Using architecture: Distributed{GPU{CUDABackend}} across 3 = 1×3×1 ranks:
│ ├── local_rank: 1 of 0-2
│ ├── local_index: [1, 2, 1]
└ └── connectivity: north=2 south=0
┌ Info: Using architecture: Distributed{GPU{CUDABackend}} across 3 = 1×3×1 ranks:
│ ├── local_rank: 0 of 0-2
│ ├── local_index: [1, 1, 1]
└ └── connectivity: north=1 south=2
[ Info: Downloading/checking input data
[ Info: Downloading/checking input data
[ Info: Downloading/checking input data
[ Info: We download the 1990-1991 data for an RYF implementation
[ Info: We download the 1990-1991 data for an RYF implementation
[ Info: We download the 1990-1991 data for an RYF implementation
[ Info: Defining grid
[ Info: Defining grid
[ Info: Defining grid
[ Info: Defining vertical z faces
[ Info: Defining vertical z faces
[ Info: Defining vertical z faces
[ Info: Defining tripolar grid
[ Info: Defining tripolar grid
[ Info: Defining tripolar grid
[ Info: Defining bottom bathymetry
[ Info: Defining bottom bathymetry
[ Info: Defining bottom bathymetry
[ Info: Interpolation passes of bathymetry size (21600, 10800, 1) onto a TripolarGrid target grid of size (360, 180, 40):
[ Info:     pass 1 to size (19476, 9738, 1)
[ Info:     pass 2 to size (17352, 8676, 1)
[ Info:     pass 3 to size (15228, 7614, 1)
[ Info:     pass 4 to size (13104, 6552, 1)
[ Info:     pass 5 to size (10980, 5490, 1)
[ Info:     pass 6 to size (8856, 4428, 1)
[ Info:     pass 7 to size (6732, 3366, 1)
[ Info:     pass 8 to size (4608, 2304, 1)
[ Info:     pass 9 to size (2484, 1242, 1)
[ Info:     pass 10 to size (360, 180, 1)
[ Info: Defining grid
[ Info: Defining grid
[ Info: Defining grid
[ Info: Defining closures
[ Info: Defining free surface
[ Info: Defining closures
[ Info: Defining free surface
[ Info: Defining ocean simulation
[ Info: Defining ocean simulation
[ Info: Defining closures
[ Info: Defining free surface
[ Info: Defining ocean simulation
[ Info: Initialising with EN4
[ Info: Initialising with EN4
[ Info: Initialising with EN4
[ Info: Defining Atmospheric state
[ Info: Defining Atmospheric state
[ Info: Defining Atmospheric state
[ Info: Defining coupled model
[ Info: Defining coupled model
[ Info: Defining coupled model
[ Info: Defining messenger
[ Info: Defining messenger
[ Info: Defining messenger
[ Info: Defining surface outputs
[ Info: Defining surface outputs
[ Info: Defining surface outputs
[ Info: Defining condition masks
[ Info: Defining condition masks
[ Info: Defining condition masks
[ Info: Tracers
[ Info: Tracers
[ Info: Tracers
[ Info: Merging tracer tuples
[ Info: Merging tracer tuples
[ Info: Merging tracer tuples
[ Info: Velocities
[ Info: Velocities
[ Info: Velocities
[ Info: Merging velocity tuples
[ Info: Merging velocity tuples
[ Info: Merging velocity tuples
[ Info: Defining output writers
[ Info: Defining output writers
[ Info: Defining output writers
[ Info: Saving restart
[ Info: Running simulation
[ Info: Saving restart
[ Info: Running simulation
[ Info: Saving restart
[ Info: Running simulation
[ Info: Initializing simulation...
[ Info: Initializing simulation...
[ Info: Initializing simulation...
[ Info: time: 0 seconds, iteration: 0, Δt: 8 minutes,max|u|: (0.00e+00, 0.00e+00, 0.00e+00) m s⁻¹, extrema(T): (31.19, -1.88) ᵒC, extrema(S): (40.33, 5.30) g/kg, extrema(e): (0.00, 0.00) J, extrema(η): (0.00, 0.00) m, wall time: 27.201 minutes 
[ Info: time: 0 seconds, iteration: 0, Δt: 8 minutes,max|u|: (0.00e+00, 0.00e+00, 0.00e+00) m s⁻¹, extrema(T): (31.19, -1.88) ᵒC, extrema(S): (40.33, 5.30) g/kg, extrema(e): (0.00, 0.00) J, extrema(η): (0.00, 0.00) m, wall time: 27.201 minutes 
[ Info: time: 0 seconds, iteration: 0, Δt: 8 minutes,max|u|: (0.00e+00, 0.00e+00, 0.00e+00) m s⁻¹, extrema(T): (31.19, -1.88) ᵒC, extrema(S): (40.33, 5.30) g/kg, extrema(e): (0.00, 0.00) J, extrema(η): (0.00, 0.00) m, wall time: 27.201 minutes 
[ Info: Saving checkpoint file
[ Info: Saving checkpoint file
[ Info: Saving checkpoint file
[ Info:     ... simulation initialization complete (12.020 minutes)
[ Info: Executing initial time step...
[ Info:     ... simulation initialization complete (12.003 minutes)
[ Info: Executing initial time step...
[ Info:     ... simulation initialization complete (12.227 minutes)
[ Info: Executing initial time step...
[ Info:     ... initial time step complete (6.363 minutes).
[ Info:     ... initial time step complete (6.581 minutes).
[ Info:     ... initial time step complete (6.595 minutes).
[ Info: time: 1 day, iteration: 201, Δt: 8 minutes,max|u|: (1.51e+00, 2.10e+00, 1.83e-02) m s⁻¹, extrema(T): (30.82, -1.88) ᵒC, extrema(S): (40.30, 5.33) g/kg, extrema(e): (0.37, -0.00) J, extrema(η): (2.57, -4.12) m, wall time: 9.525 minutes 
[ Info: time: 1 day, iteration: 201, Δt: 8 minutes,max|u|: (1.51e+00, 2.10e+00, 1.83e-02) m s⁻¹, extrema(T): (30.82, -1.88) ᵒC, extrema(S): (40.30, 5.33) g/kg, extrema(e): (0.37, -0.00) J, extrema(η): (2.57, -4.12) m, wall time: 9.525 minutes 
[ Info: time: 1 day, iteration: 201, Δt: 8 minutes,max|u|: (1.51e+00, 2.10e+00, 1.83e-02) m s⁻¹, extrema(T): (30.82, -1.88) ᵒC, extrema(S): (40.30, 5.33) g/kg, extrema(e): (0.37, -0.00) J, extrema(η): (2.57, -4.12) m, wall time: 9.525 minutes 
[ Info: time: 2 days, iteration: 403, Δt: 8 minutes,max|u|: (2.84e+00, 2.64e+00, 1.32e-02) m s⁻¹, extrema(T): (31.88, -1.87) ᵒC, extrema(S): (40.27, 5.47) g/kg, extrema(e): (0.84, -0.00) J, extrema(η): (3.15, -2.34) m, wall time: 34.831 seconds 
[ Info: time: 2 days, iteration: 403, Δt: 8 minutes,max|u|: (2.84e+00, 2.64e+00, 1.32e-02) m s⁻¹, extrema(T): (31.88, -1.87) ᵒC, extrema(S): (40.27, 5.47) g/kg, extrema(e): (0.84, -0.00) J, extrema(η): (3.15, -2.34) m, wall time: 34.831 seconds 
[ Info: time: 2 days, iteration: 403, Δt: 8 minutes,max|u|: (2.84e+00, 2.64e+00, 1.32e-02) m s⁻¹, extrema(T): (31.88, -1.87) ᵒC, extrema(S): (40.27, 5.47) g/kg, extrema(e): (0.84, -0.00) J, extrema(η): (3.15, -2.34) m, wall time: 34.831 seconds 
[ Info: time: 3 days, iteration: 605, Δt: 8 minutes,max|u|: (2.33e+00, 1.79e+00, 1.11e-02) m s⁻¹, extrema(T): (31.07, -1.86) ᵒC, extrema(S): (40.28, 5.55) g/kg, extrema(e): (0.88, -0.07) J, extrema(η): (2.96, -3.28) m, wall time: 34.931 seconds 
[ Info: time: 3 days, iteration: 605, Δt: 8 minutes,max|u|: (2.33e+00, 1.79e+00, 1.11e-02) m s⁻¹, extrema(T): (31.07, -1.86) ᵒC, extrema(S): (40.28, 5.55) g/kg, extrema(e): (0.88, -0.07) J, extrema(η): (2.96, -3.28) m, wall time: 34.931 seconds 
[ Info: time: 3 days, iteration: 605, Δt: 8 minutes,max|u|: (2.33e+00, 1.79e+00, 1.11e-02) m s⁻¹, extrema(T): (31.07, -1.86) ᵒC, extrema(S): (40.28, 5.55) g/kg, extrema(e): (0.88, -0.07) J, extrema(η): (2.96, -3.28) m, wall time: 34.932 seconds 
[ Info: time: 4 days, iteration: 807, Δt: 8 minutes,max|u|: (2.23e+00, 1.70e+00, 9.74e-03) m s⁻¹, extrema(T): (31.35, -1.86) ᵒC, extrema(S): (40.28, 5.56) g/kg, extrema(e): (0.27, -0.07) J, extrema(η): (2.05, -2.66) m, wall time: 36.767 seconds 
[ Info: time: 4 days, iteration: 807, Δt: 8 minutes,max|u|: (2.23e+00, 1.70e+00, 9.74e-03) m s⁻¹, extrema(T): (31.35, -1.86) ᵒC, extrema(S): (40.28, 5.56) g/kg, extrema(e): (0.27, -0.07) J, extrema(η): (2.05, -2.66) m, wall time: 36.767 seconds 
[ Info: time: 4 days, iteration: 807, Δt: 8 minutes,max|u|: (2.23e+00, 1.70e+00, 9.74e-03) m s⁻¹, extrema(T): (31.35, -1.86) ᵒC, extrema(S): (40.28, 5.56) g/kg, extrema(e): (0.27, -0.07) J, extrema(η): (2.05, -2.66) m, wall time: 36.768 seconds 
[ Info: time: 5 days, iteration: 1008, Δt: 8 minutes,max|u|: (1.78e+00, 2.11e+00, 1.02e-02) m s⁻¹, extrema(T): (31.56, -1.86) ᵒC, extrema(S): (40.29, 5.58) g/kg, extrema(e): (5.13, -0.09) J, extrema(η): (2.02, -2.24) m, wall time: 32.864 seconds 
[ Info: time: 5 days, iteration: 1008, Δt: 8 minutes,max|u|: (1.78e+00, 2.11e+00, 1.02e-02) m s⁻¹, extrema(T): (31.56, -1.86) ᵒC, extrema(S): (40.29, 5.58) g/kg, extrema(e): (5.13, -0.09) J, extrema(η): (2.02, -2.24) m, wall time: 32.864 seconds 
[ Info: time: 5 days, iteration: 1008, Δt: 8 minutes,max|u|: (1.78e+00, 2.11e+00, 1.02e-02) m s⁻¹, extrema(T): (31.56, -1.86) ᵒC, extrema(S): (40.29, 5.58) g/kg, extrema(e): (5.13, -0.09) J, extrema(η): (2.02, -2.24) m, wall time: 32.864 seconds 
[ Info: time: 6 days, iteration: 1209, Δt: 8 minutes,max|u|: (1.81e+00, 1.80e+00, 9.94e-03) m s⁻¹, extrema(T): (31.69, -1.86) ᵒC, extrema(S): (40.29, 5.60) g/kg, extrema(e): (5.54, -0.48) J, extrema(η): (1.88, -3.01) m, wall time: 34.003 seconds 
[ Info: time: 6 days, iteration: 1209, Δt: 8 minutes,max|u|: (1.81e+00, 1.80e+00, 9.94e-03) m s⁻¹, extrema(T): (31.69, -1.86) ᵒC, extrema(S): (40.29, 5.60) g/kg, extrema(e): (5.54, -0.48) J, extrema(η): (1.88, -3.01) m, wall time: 34.003 seconds 
[ Info: time: 6 days, iteration: 1209, Δt: 8 minutes,max|u|: (1.81e+00, 1.80e+00, 9.94e-03) m s⁻¹, extrema(T): (31.69, -1.86) ᵒC, extrema(S): (40.29, 5.60) g/kg, extrema(e): (5.54, -0.48) J, extrema(η): (1.88, -3.01) m, wall time: 34.003 seconds 
[ Info: time: 7 days, iteration: 1411, Δt: 8 minutes,max|u|: (1.96e+00, 3.78e+00, 1.01e-02) m s⁻¹, extrema(T): (31.60, -1.86) ᵒC, extrema(S): (40.28, 5.62) g/kg, extrema(e): (2.80, -0.11) J, extrema(η): (3.61, -3.21) m, wall time: 35.731 seconds 
[ Info: time: 7 days, iteration: 1411, Δt: 8 minutes,max|u|: (1.96e+00, 3.78e+00, 1.01e-02) m s⁻¹, extrema(T): (31.60, -1.86) ᵒC, extrema(S): (40.28, 5.62) g/kg, extrema(e): (2.80, -0.11) J, extrema(η): (3.61, -3.21) m, wall time: 35.731 seconds 
[ Info: time: 7 days, iteration: 1411, Δt: 8 minutes,max|u|: (1.96e+00, 3.78e+00, 1.01e-02) m s⁻¹, extrema(T): (31.60, -1.86) ᵒC, extrema(S): (40.28, 5.62) g/kg, extrema(e): (2.80, -0.11) J, extrema(η): (3.61, -3.21) m, wall time: 35.731 seconds 
[ Info: time: 8 days, iteration: 1613, Δt: 8 minutes,max|u|: (2.08e+00, 2.19e+00, 9.63e-03) m s⁻¹, extrema(T): (31.65, -1.86) ᵒC, extrema(S): (40.27, 5.64) g/kg, extrema(e): (2.60, -4.67) J, extrema(η): (5.09, -2.65) m, wall time: 33.453 seconds 
[ Info: time: 8 days, iteration: 1613, Δt: 8 minutes,max|u|: (2.08e+00, 2.19e+00, 9.63e-03) m s⁻¹, extrema(T): (31.65, -1.86) ᵒC, extrema(S): (40.27, 5.64) g/kg, extrema(e): (2.60, -4.67) J, extrema(η): (5.09, -2.65) m, wall time: 33.453 seconds 
[ Info: time: 8 days, iteration: 1613, Δt: 8 minutes,max|u|: (2.08e+00, 2.19e+00, 9.63e-03) m s⁻¹, extrema(T): (31.65, -1.86) ᵒC, extrema(S): (40.27, 5.64) g/kg, extrema(e): (2.60, -4.67) J, extrema(η): (5.09, -2.65) m, wall time: 33.453 seconds 
[ Info: time: 9 days, iteration: 1815, Δt: 8 minutes,max|u|: (2.02e+00, 2.12e+00, 9.56e-03) m s⁻¹, extrema(T): (31.85, -1.86) ᵒC, extrema(S): (40.26, 5.65) g/kg, extrema(e): (4.54, -0.09) J, extrema(η): (5.68, -3.00) m, wall time: 33.927 seconds 
[ Info: time: 9 days, iteration: 1815, Δt: 8 minutes,max|u|: (2.02e+00, 2.12e+00, 9.56e-03) m s⁻¹, extrema(T): (31.85, -1.86) ᵒC, extrema(S): (40.26, 5.65) g/kg, extrema(e): (4.54, -0.09) J, extrema(η): (5.68, -3.00) m, wall time: 33.927 seconds 
[ Info: time: 9 days, iteration: 1815, Δt: 8 minutes,max|u|: (2.02e+00, 2.12e+00, 9.56e-03) m s⁻¹, extrema(T): (31.85, -1.86) ᵒC, extrema(S): (40.26, 5.65) g/kg, extrema(e): (4.54, -0.09) J, extrema(η): (5.68, -3.00) m, wall time: 33.927 seconds 
[ Info: time: 10 days, iteration: 2016, Δt: 8 minutes,max|u|: (2.54e+00, 1.92e+00, 9.92e-03) m s⁻¹, extrema(T): (32.08, -1.87) ᵒC, extrema(S): (40.26, 5.66) g/kg, extrema(e): (0.47, -0.03) J, extrema(η): (5.34, -3.04) m, wall time: 34.900 seconds 
[ Info: time: 10 days, iteration: 2016, Δt: 8 minutes,max|u|: (2.54e+00, 1.92e+00, 9.92e-03) m s⁻¹, extrema(T): (32.08, -1.87) ᵒC, extrema(S): (40.26, 5.66) g/kg, extrema(e): (0.47, -0.03) J, extrema(η): (5.34, -3.04) m, wall time: 34.900 seconds 
[ Info: time: 10 days, iteration: 2016, Δt: 8 minutes,max|u|: (2.54e+00, 1.92e+00, 9.92e-03) m s⁻¹, extrema(T): (32.08, -1.87) ᵒC, extrema(S): (40.26, 5.66) g/kg, extrema(e): (0.47, -0.03) J, extrema(η): (5.34, -3.04) m, wall time: 34.900 seconds 
[ Info: time: 11 days, iteration: 2217, Δt: 8 minutes,max|u|: (2.71e+00, 4.80e+00, 1.05e-02) m s⁻¹, extrema(T): (32.32, -1.87) ᵒC, extrema(S): (40.26, 5.67) g/kg, extrema(e): (0.98, -0.01) J, extrema(η): (3.84, -2.64) m, wall time: 34.144 seconds 
[ Info: time: 11 days, iteration: 2217, Δt: 8 minutes,max|u|: (2.71e+00, 4.80e+00, 1.05e-02) m s⁻¹, extrema(T): (32.32, -1.87) ᵒC, extrema(S): (40.26, 5.67) g/kg, extrema(e): (0.98, -0.01) J, extrema(η): (3.84, -2.64) m, wall time: 34.144 seconds 
[ Info: time: 11 days, iteration: 2217, Δt: 8 minutes,max|u|: (2.71e+00, 4.80e+00, 1.05e-02) m s⁻¹, extrema(T): (32.32, -1.87) ᵒC, extrema(S): (40.26, 5.67) g/kg, extrema(e): (0.98, -0.01) J, extrema(η): (3.84, -2.64) m, wall time: 34.143 seconds 
[ Info: time: 12 days, iteration: 2419, Δt: 8 minutes,max|u|: (3.21e+00, 2.94e+00, 1.05e-02) m s⁻¹, extrema(T): (32.54, -1.87) ᵒC, extrema(S): (40.25, 5.69) g/kg, extrema(e): (2.60, -0.97) J, extrema(η): (2.12, -2.27) m, wall time: 33.999 seconds 
[ Info: time: 12 days, iteration: 2419, Δt: 8 minutes,max|u|: (3.21e+00, 2.94e+00, 1.05e-02) m s⁻¹, extrema(T): (32.54, -1.87) ᵒC, extrema(S): (40.25, 5.69) g/kg, extrema(e): (2.60, -0.97) J, extrema(η): (2.12, -2.27) m, wall time: 33.999 seconds 
[ Info: time: 12 days, iteration: 2419, Δt: 8 minutes,max|u|: (3.21e+00, 2.94e+00, 1.05e-02) m s⁻¹, extrema(T): (32.54, -1.87) ᵒC, extrema(S): (40.25, 5.69) g/kg, extrema(e): (2.60, -0.97) J, extrema(η): (2.12, -2.27) m, wall time: 34.000 seconds 
[ Info: time: 13 days, iteration: 2621, Δt: 8 minutes,max|u|: (3.77e+00, 2.52e+00, 1.08e-02) m s⁻¹, extrema(T): (32.63, -1.87) ᵒC, extrema(S): (40.20, 5.74) g/kg, extrema(e): (3.67, -1.85) J, extrema(η): (2.55, -2.38) m, wall time: 38.188 seconds 
[ Info: time: 13 days, iteration: 2621, Δt: 8 minutes,max|u|: (3.77e+00, 2.52e+00, 1.08e-02) m s⁻¹, extrema(T): (32.63, -1.87) ᵒC, extrema(S): (40.20, 5.74) g/kg, extrema(e): (3.67, -1.85) J, extrema(η): (2.55, -2.38) m, wall time: 38.188 seconds 
[ Info: time: 13 days, iteration: 2621, Δt: 8 minutes,max|u|: (3.77e+00, 2.52e+00, 1.08e-02) m s⁻¹, extrema(T): (32.63, -1.87) ᵒC, extrema(S): (40.20, 5.74) g/kg, extrema(e): (3.67, -1.85) J, extrema(η): (2.55, -2.38) m, wall time: 38.188 seconds 
[ Info: time: 14 days, iteration: 2823, Δt: 8 minutes,max|u|: (4.28e+00, 2.17e+00, 1.08e-02) m s⁻¹, extrema(T): (32.71, -1.87) ᵒC, extrema(S): (40.14, 5.76) g/kg, extrema(e): (5.79, -0.02) J, extrema(η): (1.88, -2.82) m, wall time: 34.601 seconds 
[ Info: time: 14 days, iteration: 2823, Δt: 8 minutes,max|u|: (4.28e+00, 2.17e+00, 1.08e-02) m s⁻¹, extrema(T): (32.71, -1.87) ᵒC, extrema(S): (40.14, 5.76) g/kg, extrema(e): (5.79, -0.02) J, extrema(η): (1.88, -2.82) m, wall time: 34.602 seconds 
[ Info: time: 14 days, iteration: 2823, Δt: 8 minutes,max|u|: (4.28e+00, 2.17e+00, 1.08e-02) m s⁻¹, extrema(T): (32.71, -1.87) ᵒC, extrema(S): (40.14, 5.76) g/kg, extrema(e): (5.79, -0.02) J, extrema(η): (1.88, -2.82) m, wall time: 34.602 seconds 
[ Info: time: 15 days, iteration: 3024, Δt: 8 minutes,max|u|: (4.68e+00, 2.12e+00, 1.09e-02) m s⁻¹, extrema(T): (32.71, -1.88) ᵒC, extrema(S): (40.14, 5.78) g/kg, extrema(e): (4.43, -0.02) J, extrema(η): (2.06, -4.69) m, wall time: 35.452 seconds 
[ Info: time: 15 days, iteration: 3024, Δt: 8 minutes,max|u|: (4.68e+00, 2.12e+00, 1.09e-02) m s⁻¹, extrema(T): (32.71, -1.88) ᵒC, extrema(S): (40.14, 5.78) g/kg, extrema(e): (4.43, -0.02) J, extrema(η): (2.06, -4.69) m, wall time: 35.452 seconds 
[ Info: time: 15 days, iteration: 3024, Δt: 8 minutes,max|u|: (4.68e+00, 2.12e+00, 1.09e-02) m s⁻¹, extrema(T): (32.71, -1.88) ᵒC, extrema(S): (40.14, 5.78) g/kg, extrema(e): (4.43, -0.02) J, extrema(η): (2.06, -4.69) m, wall time: 35.452 seconds 
[ Info: time: 16 days, iteration: 3225, Δt: 8 minutes,max|u|: (5.60e+00, 2.00e+00, 1.09e-02) m s⁻¹, extrema(T): (32.71, -1.88) ᵒC, extrema(S): (40.15, 5.81) g/kg, extrema(e): (3.37, -0.22) J, extrema(η): (2.63, -5.86) m, wall time: 35.978 seconds 
[ Info: time: 16 days, iteration: 3225, Δt: 8 minutes,max|u|: (5.60e+00, 2.00e+00, 1.09e-02) m s⁻¹, extrema(T): (32.71, -1.88) ᵒC, extrema(S): (40.15, 5.81) g/kg, extrema(e): (3.37, -0.22) J, extrema(η): (2.63, -5.86) m, wall time: 35.978 seconds 
[ Info: time: 16 days, iteration: 3225, Δt: 8 minutes,max|u|: (5.60e+00, 2.00e+00, 1.09e-02) m s⁻¹, extrema(T): (32.71, -1.88) ᵒC, extrema(S): (40.15, 5.81) g/kg, extrema(e): (3.37, -0.22) J, extrema(η): (2.63, -5.86) m, wall time: 35.979 seconds 
[ Info: time: 17 days, iteration: 3427, Δt: 8 minutes,max|u|: (6.19e+00, 2.02e+00, 1.09e-02) m s⁻¹, extrema(T): (32.72, -1.88) ᵒC, extrema(S): (40.15, 5.83) g/kg, extrema(e): (4.12, -0.39) J, extrema(η): (2.28, -6.50) m, wall time: 35.996 seconds 
[ Info: time: 17 days, iteration: 3427, Δt: 8 minutes,max|u|: (6.19e+00, 2.02e+00, 1.09e-02) m s⁻¹, extrema(T): (32.72, -1.88) ᵒC, extrema(S): (40.15, 5.83) g/kg, extrema(e): (4.12, -0.39) J, extrema(η): (2.28, -6.50) m, wall time: 35.996 seconds 
[ Info: time: 17 days, iteration: 3427, Δt: 8 minutes,max|u|: (6.19e+00, 2.02e+00, 1.09e-02) m s⁻¹, extrema(T): (32.72, -1.88) ᵒC, extrema(S): (40.15, 5.83) g/kg, extrema(e): (4.12, -0.39) J, extrema(η): (2.28, -6.50) m, wall time: 35.996 seconds 
[ Info: time: 18 days, iteration: 3629, Δt: 8 minutes,max|u|: (6.35e+00, 2.08e+00, 1.12e-02) m s⁻¹, extrema(T): (32.77, -1.88) ᵒC, extrema(S): (40.14, 5.86) g/kg, extrema(e): (4.15, -0.19) J, extrema(η): (2.13, -6.13) m, wall time: 34.275 seconds 
[ Info: time: 18 days, iteration: 3629, Δt: 8 minutes,max|u|: (6.35e+00, 2.08e+00, 1.12e-02) m s⁻¹, extrema(T): (32.77, -1.88) ᵒC, extrema(S): (40.14, 5.86) g/kg, extrema(e): (4.15, -0.19) J, extrema(η): (2.13, -6.13) m, wall time: 34.275 seconds 
[ Info: time: 18 days, iteration: 3629, Δt: 8 minutes,max|u|: (6.35e+00, 2.08e+00, 1.12e-02) m s⁻¹, extrema(T): (32.77, -1.88) ᵒC, extrema(S): (40.14, 5.86) g/kg, extrema(e): (4.15, -0.19) J, extrema(η): (2.13, -6.13) m, wall time: 34.275 seconds 
[ Info: time: 19 days, iteration: 3831, Δt: 8 minutes,max|u|: (6.16e+00, 2.24e+00, 1.13e-02) m s⁻¹, extrema(T): (32.69, -1.88) ᵒC, extrema(S): (40.08, 5.88) g/kg, extrema(e): (3.88, -0.25) J, extrema(η): (1.79, -5.50) m, wall time: 35.122 seconds 
[ Info: time: 19 days, iteration: 3831, Δt: 8 minutes,max|u|: (6.16e+00, 2.24e+00, 1.13e-02) m s⁻¹, extrema(T): (32.69, -1.88) ᵒC, extrema(S): (40.08, 5.88) g/kg, extrema(e): (3.88, -0.25) J, extrema(η): (1.79, -5.50) m, wall time: 35.123 seconds 
[ Info: time: 19 days, iteration: 3831, Δt: 8 minutes,max|u|: (6.16e+00, 2.24e+00, 1.13e-02) m s⁻¹, extrema(T): (32.69, -1.88) ᵒC, extrema(S): (40.08, 5.88) g/kg, extrema(e): (3.88, -0.25) J, extrema(η): (1.79, -5.50) m, wall time: 35.122 seconds 
[ Info: Simulation is stopping after running for 30.239 minutes.
[ Info: Simulation time 20 days equals or exceeds stop time 20 days.
[ Info: Simulation is stopping after running for 30.228 minutes.
[ Info: Simulation time 20 days equals or exceeds stop time 20 days.
[ Info: Simulation is stopping after running for 30.247 minutes.
[ Info: Simulation time 20 days equals or exceeds stop time 20 days.
[ Info: time: 20 days, iteration: 4032, Δt: 8 minutes,max|u|: (5.74e+00, 2.86e+00, 1.11e-02) m s⁻¹, extrema(T): (32.74, -1.88) ᵒC, extrema(S): (40.07, 5.90) g/kg, extrema(e): (3.67, -3.48) J, extrema(η): (2.36, -4.46) m, wall time: 33.449 seconds 
[ Info: time: 20 days, iteration: 4032, Δt: 8 minutes,max|u|: (5.74e+00, 2.86e+00, 1.11e-02) m s⁻¹, extrema(T): (32.74, -1.88) ᵒC, extrema(S): (40.07, 5.90) g/kg, extrema(e): (3.67, -3.48) J, extrema(η): (2.36, -4.46) m, wall time: 33.448 seconds 
[ Info: time: 20 days, iteration: 4032, Δt: 8 minutes,max|u|: (5.74e+00, 2.86e+00, 1.11e-02) m s⁻¹, extrema(T): (32.74, -1.88) ᵒC, extrema(S): (40.07, 5.90) g/kg, extrema(e): (3.67, -3.48) J, extrema(η): (2.36, -4.46) m, wall time: 33.449 seconds 
[ Info: Initializing simulation...
[ Info: Initializing simulation...
[ Info: Initializing simulation...
[ Info:     ... simulation initialization complete (69.890 ms)
[ Info: Executing initial time step...
[ Info:     ... simulation initialization complete (225.207 ms)
[ Info: Executing initial time step...
[ Info:     ... simulation initialization complete (164.116 ms)
[ Info: Executing initial time step...
[ Info:     ... initial time step complete (118.389 ms).
[ Info:     ... initial time step complete (118.455 ms).
[ Info:     ... initial time step complete (118.412 ms).
[ Info: time: 21 days, iteration: 4090, Δt: 30 minutes,max|u|: (5.29e+00, 2.59e+00, 1.09e-02) m s⁻¹, extrema(T): (32.81, -1.88) ᵒC, extrema(S): (40.07, 5.94) g/kg, extrema(e): (3.68, -0.03) J, extrema(η): (2.98, -3.48) m, wall time: 18.314 seconds 
[ Info: time: 21 days, iteration: 4090, Δt: 30 minutes,max|u|: (5.29e+00, 2.59e+00, 1.09e-02) m s⁻¹, extrema(T): (32.81, -1.88) ᵒC, extrema(S): (40.07, 5.94) g/kg, extrema(e): (3.68, -0.03) J, extrema(η): (2.98, -3.48) m, wall time: 18.315 seconds 
[ Info: time: 21 days, iteration: 4090, Δt: 30 minutes,max|u|: (5.29e+00, 2.59e+00, 1.09e-02) m s⁻¹, extrema(T): (32.81, -1.88) ᵒC, extrema(S): (40.07, 5.94) g/kg, extrema(e): (3.68, -0.03) J, extrema(η): (2.98, -3.48) m, wall time: 18.315 seconds 
[ Info: time: 22 days, iteration: 4148, Δt: 30 minutes,max|u|: (4.90e+00, 2.66e+00, 1.06e-02) m s⁻¹, extrema(T): (32.77, -1.88) ᵒC, extrema(S): (40.06, 5.98) g/kg, extrema(e): (4.60, -0.08) J, extrema(η): (2.58, -3.97) m, wall time: 18.201 seconds 
[ Info: time: 22 days, iteration: 4148, Δt: 30 minutes,max|u|: (4.90e+00, 2.66e+00, 1.06e-02) m s⁻¹, extrema(T): (32.77, -1.88) ᵒC, extrema(S): (40.06, 5.98) g/kg, extrema(e): (4.60, -0.08) J, extrema(η): (2.58, -3.97) m, wall time: 18.201 seconds 
[ Info: time: 22 days, iteration: 4148, Δt: 30 minutes,max|u|: (4.90e+00, 2.66e+00, 1.06e-02) m s⁻¹, extrema(T): (32.77, -1.88) ᵒC, extrema(S): (40.06, 5.98) g/kg, extrema(e): (4.60, -0.08) J, extrema(η): (2.58, -3.97) m, wall time: 18.201 seconds 
[ Info: time: 23 days, iteration: 4206, Δt: 30 minutes,max|u|: (4.71e+00, 3.26e+00, 1.60e-02) m s⁻¹, extrema(T): (32.81, -1.88) ᵒC, extrema(S): (40.02, 6.04) g/kg, extrema(e): (4.81, -0.10) J, extrema(η): (3.29, -4.37) m, wall time: 18.215 seconds 
[ Info: time: 23 days, iteration: 4206, Δt: 30 minutes,max|u|: (4.71e+00, 3.26e+00, 1.60e-02) m s⁻¹, extrema(T): (32.81, -1.88) ᵒC, extrema(S): (40.02, 6.04) g/kg, extrema(e): (4.81, -0.10) J, extrema(η): (3.29, -4.37) m, wall time: 18.215 seconds 
[ Info: time: 23 days, iteration: 4206, Δt: 30 minutes,max|u|: (4.71e+00, 3.26e+00, 1.60e-02) m s⁻¹, extrema(T): (32.81, -1.88) ᵒC, extrema(S): (40.02, 6.04) g/kg, extrema(e): (4.81, -0.10) J, extrema(η): (3.29, -4.37) m, wall time: 18.215 seconds 
[ Info: time: 24 days, iteration: 4264, Δt: 30 minutes,max|u|: (5.07e+00, 5.07e+00, 3.26e-02) m s⁻¹, extrema(T): (32.94, -1.88) ᵒC, extrema(S): (40.00, 6.12) g/kg, extrema(e): (4.19, -0.00) J, extrema(η): (5.94, -4.65) m, wall time: 19.422 seconds 
[ Info: time: 24 days, iteration: 4264, Δt: 30 minutes,max|u|: (5.07e+00, 5.07e+00, 3.26e-02) m s⁻¹, extrema(T): (32.94, -1.88) ᵒC, extrema(S): (40.00, 6.12) g/kg, extrema(e): (4.19, -0.00) J, extrema(η): (5.94, -4.65) m, wall time: 19.422 seconds 
[ Info: time: 24 days, iteration: 4264, Δt: 30 minutes,max|u|: (5.07e+00, 5.07e+00, 3.26e-02) m s⁻¹, extrema(T): (32.94, -1.88) ᵒC, extrema(S): (40.00, 6.12) g/kg, extrema(e): (4.19, -0.00) J, extrema(η): (5.94, -4.65) m, wall time: 19.422 seconds 
[ Info: time: 25 days, iteration: 4322, Δt: 30 minutes,max|u|: (NaN, NaN, NaN) m s⁻¹, extrema(T): (NaN, NaN) ᵒC, extrema(S): (NaN, NaN) g/kg, extrema(e): (NaN, NaN) J, extrema(η): (NaN, NaN) m, wall time: 19.143 seconds 
[ Info: time: 25 days, iteration: 4322, Δt: 30 minutes,max|u|: (NaN, NaN, NaN) m s⁻¹, extrema(T): (NaN, NaN) ᵒC, extrema(S): (NaN, NaN) g/kg, extrema(e): (NaN, NaN) J, extrema(η): (NaN, NaN) m, wall time: 19.143 seconds 
[ Info: time: 25 days, iteration: 4322, Δt: 30 minutes,max|u|: (NaN, NaN, NaN) m s⁻¹, extrema(T): (NaN, NaN) ᵒC, extrema(S): (NaN, NaN) g/kg, extrema(e): (NaN, NaN) J, extrema(η): (NaN, NaN) m, wall time: 19.143 seconds 
[ Info: time: 26 days, iteration: 4380, Δt: 30 minutes,max|u|: (NaN, NaN, NaN) m s⁻¹, extrema(T): (NaN, NaN) ᵒC, extrema(S): (NaN, NaN) g/kg, extrema(e): (NaN, NaN) J, extrema(η): (NaN, NaN) m, wall time: 19.509 seconds 
[ Info: time: 26 days, iteration: 4380, Δt: 30 minutes,max|u|: (NaN, NaN, NaN) m s⁻¹, extrema(T): (NaN, NaN) ᵒC, extrema(S): (NaN, NaN) g/kg, extrema(e): (NaN, NaN) J, extrema(η): (NaN, NaN) m, wall time: 19.509 seconds 
[ Info: time: 26 days, iteration: 4380, Δt: 30 minutes,max|u|: (NaN, NaN, NaN) m s⁻¹, extrema(T): (NaN, NaN) ᵒC, extrema(S): (NaN, NaN) g/kg, extrema(e): (NaN, NaN) J, extrema(η): (NaN, NaN) m, wall time: 19.509 seconds 
[ Info: time = 2.2758e6, iteration = 4400: NaN found in field u_ocean. Stopping simulation.
[ Info: time = 2.2758e6, iteration = 4400: NaN found in field u_ocean. Stopping simulation.
[ Info: time = 2.2758e6, iteration = 4400: NaN found in field u_ocean. Stopping simulation.
