149.920026 seconds (141.12 M allocations: 13.055 GiB, 2.88% gc time, 56.35% compilation time: <1% of which was recompilation)
 34.786130 seconds (4.50 M allocations: 1.048 GiB, 87.57% gc time, 10.05% compilation time)
252.329333 seconds (67.75 M allocations: 4.652 GiB, 13.92% gc time, 82.38% compilation time)
coupled_model.interfaces.atmosphere_ocean_interface.properties.temperature_formulation = SkinTemperature{ClimaOcean.OceanSeaIceModels.InterfaceComputations.DiffusiveFlux{Float64, Float64}, Int64}(ClimaOcean.OceanSeaIceModels.InterfaceComputations.DiffusiveFlux{Float64, Float64}(0.5, 1000.0), 5)
 30.357087 seconds (13.61 M allocations: 378.978 MiB, 0.17% gc time, 23.63% compilation time)
 30.028211 seconds (13.03 M allocations: 342.386 MiB, 0.36% gc time, 22.89% compilation time)
 30.481826 seconds (13.12 M allocations: 348.394 MiB, 0.32% gc time, 23.60% compilation time)
 29.819894 seconds (12.92 M allocations: 316.264 MiB, 0.18% gc time, 22.34% compilation time)
 29.897739 seconds (12.90 M allocations: 314.919 MiB, 0.25% gc time, 22.36% compilation time)
 30.208337 seconds (12.88 M allocations: 313.723 MiB, 0.25% gc time, 23.20% compilation time)
 28.426404 seconds (12.76 M allocations: 306.329 MiB, 0.30% gc time, 18.41% compilation time)
 28.378799 seconds (12.76 M allocations: 306.343 MiB, 0.15% gc time, 18.39% compilation time)
 28.745270 seconds (12.76 M allocations: 305.737 MiB, 0.38% gc time, 19.10% compilation time)
 24.786513 seconds (17.74 M allocations: 808.267 MiB, 0.78% gc time, 24.48% compilation time)
 23.215610 seconds (14.76 M allocations: 616.961 MiB, 0.68% gc time, 16.95% compilation time)
 22.533172 seconds (14.18 M allocations: 575.722 MiB, 0.53% gc time, 16.79% compilation time)
 21.975631 seconds (13.67 M allocations: 512.300 MiB, 0.65% gc time, 17.49% compilation time)
 21.409786 seconds (12.13 M allocations: 411.909 MiB, 0.37% gc time, 13.39% compilation time)
 17.686860 seconds (9.73 M allocations: 240.053 MiB, 0.30% gc time, 2.60% compilation time)
 17.527699 seconds (9.61 M allocations: 232.182 MiB, 0.37% gc time, 1.34% compilation time)
 17.782904 seconds (9.61 M allocations: 232.472 MiB, 0.24% gc time, 0.96% compilation time)
 17.688181 seconds (9.57 M allocations: 229.122 MiB, 0.24% gc time, 0.89% compilation time)
